<?xml version="1.0" encoding="UTF-8"?>
<!-- Generated by org.testng.reporters.JUnitReportReporter -->
<testsuite hostname="DESKTOP-170JDGQ" failures="0" tests="2" name="com.testing.assignment.tests.ApiUiIntegrationTests" time="0.331" errors="0" timestamp="2026-03-24T13:54:53 ICT" skipped="2">
  <testcase classname="com.testing.assignment.tests.ApiUiIntegrationTests" name="testFullIntegrationFlow" time="0.210">
    <skipped/>
  </testcase> <!-- testFullIntegrationFlow -->
  <testcase classname="com.testing.assignment.tests.ApiUiIntegrationTests" name="testUiLoginWithApiPrecondition" time="0.121">
    <skipped/>
  </testcase> <!-- testUiLoginWithApiPrecondition -->
</testsuite> <!-- com.testing.assignment.tests.ApiUiIntegrationTests -->
