<?xml version="1.0" encoding="UTF-8"?>
<testsuite xmlns:xsi="http://www.w3.org/2001/XMLSchema-instance" xsi:noNamespaceSchemaLocation="https://maven.apache.org/surefire/maven-surefire-plugin/xsd/surefire-test-report-3.0.xsd" version="3.0" name="TestSuite" time="13.092" tests="30" errors="0" skipped="3" failures="26">
  <properties>
[...]
</properties>
  <testcase name="testGetUserById3" classname="com.testing.assignment.tests.GetTests" time="2.871">
    <failure message="1 expectation failed.&#10;Expected content-type &quot;JSON&quot; doesn&apos;t match actual content-type &quot;text/html; charset=UTF-8&quot;.&#10;" type="java.lang.AssertionError"><![CDATA[java.lang.AssertionError: 
1 expectation failed.
Expected content-type "JSON" doesn't match actual content-type "text/html; charset=UTF-8".

	at java.base/jdk.internal.reflect.NativeConstructorAccessorImpl.newInstance0(Native Method)
	at java.base/jdk.internal.reflect.NativeConstructorAccessorImpl.newInstance(NativeConstructorAccessorImpl.java:77)
	at java.base/jdk.internal.reflect.DelegatingConstructorAccessorImpl.newInstance(DelegatingConstructorAccessorImpl.java:45)
	at java.base/java.lang.reflect.Constructor.newInstanceWithCaller(Constructor.java:499)
	at java.base/java.lang.reflect.Constructor.newInstance(Constructor.java:480)
	at org.codehaus.groovy.reflection.CachedConstructor.invoke(CachedConstructor.java:73)
	at org.codehaus.groovy.runtime.callsite.ConstructorSite$ConstructorSiteNoUnwrapNoCoerce.callConstructor(ConstructorSite.java:108)
	at org.codehaus.groovy.runtime.callsite.CallSiteArray.defaultCallConstructor(CallSiteArray.java:57)
	at org.codehaus.groovy.runtime.callsite.AbstractCallSite.callConstructor(AbstractCallSite.java:263)
	at org.codehaus.groovy.runtime.callsite.AbstractCallSite.callConstructor(AbstractCallSite.java:277)
	at io.restassured.internal.ResponseSpecificationImpl$HamcrestAssertionClosure.validate(ResponseSpecificationImpl.groovy:512)
	at io.restassured.internal.ResponseSpecificationImpl$HamcrestAssertionClosure$validate$1.call(Unknown Source)
	at org.codehaus.groovy.runtime.callsite.CallSiteArray.defaultCall(CallSiteArray.java:45)
	at org.codehaus.groovy.runtime.callsite.AbstractCallSite.call(AbstractCallSite.java:125)
	at org.codehaus.groovy.runtime.callsite.AbstractCallSite.call(AbstractCallSite.java:139)
	at io.restassured.internal.ResponseSpecificationImpl.validate(ResponseSpecificationImpl.groovy:101)
	at io.restassured.internal.ValidatableResponseOptionsImpl.spec(ValidatableResponseOptionsImpl.java:288)
	at com.testing.assignment.tests.GetTests.testGetUserById3(GetTests.java:48)
	at java.base/jdk.internal.reflect.NativeMethodAccessorImpl.invoke0(Native Method)
	at java.base/jdk.internal.reflect.NativeMethodAccessorImpl.invoke(NativeMethodAccessorImpl.java:77)
	at java.base/jdk.internal.reflect.DelegatingMethodAccessorImpl.invoke(DelegatingMethodAccessorImpl.java:43)
	at java.base/java.lang.reflect.Method.invoke(Method.java:568)
	at org.testng.internal.invokers.MethodInvocationHelper.invokeMethod(MethodInvocationHelper.java:139)
	at org.testng.internal.invokers.TestInvoker.invokeMethod(TestInvoker.java:664)
	at org.testng.internal.invokers.TestInvoker.invokeTestMethod(TestInvoker.java:228)
	at org.testng.internal.invokers.MethodRunner.runInSequence(MethodRunner.java:63)
	at org.testng.internal.invokers.TestInvoker$MethodInvocationAgent.invoke(TestInvoker.java:961)
	at org.testng.internal.invokers.TestInvoker.invokeTestMethods(TestInvoker.java:201)
	at org.testng.internal.invokers.TestMethodWorker.invokeTestMethods(TestMethodWorker.java:148)
	at org.testng.internal.invokers.TestMethodWorker.run(TestMethodWorker.java:128)
	at java.base/java.util.ArrayList.forEach(ArrayList.java:1511)
	at org.testng.TestRunner.privateRun(TestRunner.java:819)
	at org.testng.TestRunner.run(TestRunner.java:619)
	at org.testng.SuiteRunner.runTest(SuiteRunner.java:443)
	at org.testng.SuiteRunner.runSequentially(SuiteRunner.java:437)
	at org.testng.SuiteRunner.privateRun(SuiteRunner.java:397)
	at org.testng.SuiteRunner.run(SuiteRunner.java:336)
	at org.testng.SuiteRunnerWorker.runSuite(SuiteRunnerWorker.java:52)
	at org.testng.SuiteRunnerWorker.run(SuiteRunnerWorker.java:95)
	at org.testng.TestNG.runSuitesSequentially(TestNG.java:1301)
	at org.testng.TestNG.runSuitesLocally(TestNG.java:1228)
	at org.testng.TestNG.runSuites(TestNG.java:1134)
	at org.testng.TestNG.run(TestNG.java:1101)
	at org.apache.maven.surefire.testng.TestNGExecutor.run(TestNGExecutor.java:308)
	at org.apache.maven.surefire.testng.TestNGXmlTestSuite.execute(TestNGXmlTestSuite.java:71)
	at org.apache.maven.surefire.testng.TestNGProvider.invoke(TestNGProvider.java:113)
	at org.apache.maven.surefire.booter.ForkedBooter.runSuitesInProcess(ForkedBooter.java:385)
	at org.apache.maven.surefire.booter.ForkedBooter.execute(ForkedBooter.java:162)
	at org.apache.maven.surefire.booter.ForkedBooter.run(ForkedBooter.java:507)
	at org.apache.maven.surefire.booter.ForkedBooter.main(ForkedBooter.java:495)
]]></failure>
    <system-out><![CDATA[Request method:	GET
Request URI:	https://reqres.in/api/users/3
Proxy:			<none>
Request params:	<none>
Query params:	<none>
Form params:	<none>
Path params:	<none>
Headers:		Accept=*/*
				Content-Type=application/json
Cookies:		<none>
Multiparts:		<none>
Body:			<none>
HTTP/1.1 403 Forbidden
Date: Tue, 24 Mar 2026 06:53:51 GMT
Content-Type: text/html; charset=UTF-8
Transfer-Encoding: chunked
Connection: close
Accept-Ch: Sec-CH-UA-Bitness, Sec-CH-UA-Arch, Sec-CH-UA-Full-Version, Sec-CH-UA-Mobile, Sec-CH-UA-Model, Sec-CH-UA-Platform-Version, Sec-CH-UA-Full-Version-List, Sec-CH-UA-Platform, Sec-CH-UA, UA-Bitness, UA-Arch, UA-Full-Version, UA-Mobile, UA-Model, UA-Platform-Version, UA-Platform, UA
Cf-Mitigated: challenge
Critical-Ch: Sec-CH-UA-Bitness, Sec-CH-UA-Arch, Sec-CH-UA-Full-Version, Sec-CH-UA-Mobile, Sec-CH-UA-Model, Sec-CH-UA-Platform-Version, Sec-CH-UA-Full-Version-List, Sec-CH-UA-Platform, Sec-CH-UA, UA-Bitness, UA-Arch, UA-Full-Version, UA-Mobile, UA-Model, UA-Platform-Version, UA-Platform, UA
Cross-Origin-Embedder-Policy: require-corp
Cross-Origin-Opener-Policy: same-origin
Cross-Origin-Resource-Policy: same-origin
Origin-Agent-Cluster: ?1
Permissions-Policy: accelerometer=(),browsing-topics=(),camera=(),clipboard-read=(),clipboard-write=(),geolocation=(),gyroscope=(),hid=(),interest-cohort=(),magnetometer=(),microphone=(),payment=(),publickey-credentials-get=(),screen-wake-lock=(),serial=(),sync-xhr=(),usb=()
Referrer-Policy: same-origin
Server-Timing: chlray;desc="9e13c2dd2df540ea"
X-Content-Type-Options: nosniff
X-Frame-Options: SAMEORIGIN
Report-To: {"group":"cf-nel","max_age":604800,"endpoints":[{"url":"https://a.nel.cloudflare.com/report/v4?s=2FXixQK0nEEVj4o9jJ1vJ%2B0lUlk0sqMzPNq%2FO2zcuE%2F0pX3tyic%2BuGXVh1uxsVhgfQk5qyIpD0N%2B0ib%2BGbe6akhq%2FdAJ%2Bvkq"}]}
Nel: {"report_to":"cf-nel","success_fraction":0.0,"max_age":604800}
Content-Encoding: gzip
Server: cloudflare
CF-RAY: 9e13c2dd2df540ea-SIN

<html lang="en-US">
  <head>
    <title>Just a moment...</title>
    <meta http-equiv="Content-Type" content="text/html; charset=UTF-8"/>
    <meta http-equiv="X-UA-Compatible" content="IE=Edge"/>
    <meta name="robots" content="noindex,nofollow"/>
    <meta name="viewport" content="width=device-width,initial-scale=1"/>
    <style>*{box-sizing:border-box;margin:0;padding:0}html{line-height:1.15;-webkit-text-size-adjust:100%;color:#313131;font-family:system-ui,-apple-system,BlinkMacSystemFont,"Segoe UI",Roboto,"Helvetica Neue",Arial,"Noto Sans",sans-serif,"Apple Color Emoji","Segoe UI Emoji","Segoe UI Symbol","Noto Color Emoji"}body{display:flex;flex-direction:column;height:100vh;min-height:100vh}.main-content{margin:8rem auto;padding-left:1.5rem;max-width:60rem}@media (width &lt;= 720px){.main-content{margin-top:4rem}}#challenge-error-text{background-image:url("data:image/svg+xml;base64,PHN2ZyB4bWxucz0iaHR0cDovL3d3dy53My5vcmcvMjAwMC9zdmciIHdpZHRoPSIzMiIgaGVpZ2h0PSIzMiIgZmlsbD0ibm9uZSI+PHBhdGggZmlsbD0iI0IyMEYwMyIgZD0iTTE2IDNhMTMgMTMgMCAxIDAgMTMgMTNBMTMuMDE1IDEzLjAxNSAwIDAgMCAxNiAzbTAgMjRhMTEgMTEgMCAxIDEgMTEtMTEgMTEuMDEgMTEuMDEgMCAwIDEtMTEgMTEiLz48cGF0aCBmaWxsPSIjQjIwRjAzIiBkPSJNMTcuMDM4IDE4LjYxNUgxNC44N0wxNC41NjMgOS41aDIuNzgzem0tMS4wODQgMS40MjdxLjY2IDAgMS4wNTcuMzg4LjQwNy4zODkuNDA3Ljk5NCAwIC41OTYtLjQwNy45ODQtLjM5Ny4zOS0xLjA1Ny4zODktLjY1IDAtMS4wNTYtLjM4OS0uMzk4LS4zODktLjM5OC0uOTg0IDAtLjU5Ny4zOTgtLjk4NS40MDYtLjM5NyAxLjA1Ni0uMzk3Ii8+PC9zdmc+");background-repeat:no-repeat;background-size:contain;padding-left:34px}</style>
    <meta http-equiv="refresh" content="360"/>
  </head>
  <body>
    <div class="main-wrapper" role="main">
      <div class="main-content">
        <noscript>
          <div class="h2">
            <span id="challenge-error-text">Enable JavaScript and cookies to continue</span>
          </div>
        </noscript>
      </div>
    </div>
    <script>(function(){window._cf_chl_opt = {cvId: '3',cZone: 'reqres.in',cType: 'managed',cRay: '9e13c2dd2df540ea',cH: '6JIyNPhjJIlUxZVmrhC5SZwnSx0pE5KxU47R2m5B6Do-1774335231-1.2.1.1-ZAA.OTJoYOrwHlui_4qfidPS5SjwFYRWAq1j_9sFkvclRmVwh26O13GT6QfMBatM',cUPMDTk:"/api/users/3?__cf_chl_tk=nDNFkTDZ.1XcRB6Ij.Xv4U6gJMzrvXhiOdhHIW.9L8k-1774335231-1.0.1.1-AHLRr11cvNu1U8bL5x3vClBqJkKSp5ODfxQRCf6Y_2I",cFPWv: 'g',cITimeS: '1774335231',cTplC:0,cTplO:0,cTplV:5,cTplB: '0',fa:"/api/users/3?__cf_chl_f_tk=nDNFkTDZ.1XcRB6Ij.Xv4U6gJMzrvXhiOdhHIW.9L8k-1774335231-1.0.1.1-AHLRr11cvNu1U8bL5x3vClBqJkKSp5ODfxQRCf6Y_2I",md: 'dQyc3jlNY4AdzE5VtZacQCIz35Jz8FGmVbD6tDuCSb0-1774335231-1.2.1.1-OvTIlkmLEuV6uSZWBKR4Fk8AK12.m0mXdMNran6LlfD_O_Lgyw3dz948AYJCvDwZMdIsbgdGpyXLE4lCOI9_sNgUTmd_3EZqOiamwfAy48t.T9434KDHSLzV_foqfRCRPBET6n0rAf3MJktMsEqGKcAEUXYel.tgKq9grozEjIFQ5UA5.qVpdZMgcgkahHq.wWaDjBf8icDYVNIffflHofPFpbf0EsfSBsEIKM0yCzw_lj1RnZTkqutdtNlRkQiLWK4JFa6MNsgb9DrVg6VESQ8p9o07bruC8_KucaY1nHOyrkb9AcxFGQR5c2hxVy1apfsaKcC.OA.J3HWtAKd3tXcvsnICVC5K0.oB3k8vK.0PgUCMqMY1YBNCfZQ84M6jxNoTtdKaYvkLQSkbYy_Cb93LnTpgXCo6BIQ0E397CBvl.jEbCKVE40VQGdrYe_wLdOuPSTgldtPpPjD8Kv4Hdd56sXtkEZZqxyxQTvwqtWh.EyI6SOrFMzFe_k6SJuP5lZTV2ZLz8iaP.qWp71jJN5mbx0jRfBsDhFBbyFK1yz_qMtHqOvwMeWbYeLFnCnz9VAXTTqilKql_2ofb75k8k0cJDjDEVJMDV3vu.xGvOkF1Ruen1cIH3mMmeuHrBYvQamBikcOXYrOuBlF_wS_yverunzYYU3t2ySYXkPhOxUNoaCW9Y0Mn.blHvRa0fpS.grHDccSvVUTEwSb164Fg50ddxSIBCfsQqG3QrMR5YRInrD2xraboPHq.Wav3xCtxlHR8LcPjMUehXU.hlSB_JcKzyhWsnWRsnIE9ZcOOcI0dH7wBTEnFoa9Kid8Kpn8I6uGJJEYDg6cqC_9uqd3wM.dGPCWkumZYtYADfE4ayaD7Arxw1Rli9klnR9VnfcwUT8iQQjQ2R.Whcj3HDTFyW4denfx6prKul3DpKhh6TsU',mdrd: 'qOW4tVoER7V1AQt5Obg326uenmoQb56ZZOgrfbYAcP8-1774335231-1.2.1.1-qALjTWoMMQLwiQKZuqoiY4Ezg.mVw70DmFGWkbqXZ94ea0G9OmIjNVZBlm6Rxq7KgWfA8mt2vja2Mz9U3wEf.B6kmXehrI9RPFtNZkWCWC6T8oG0fBTcbFb0LiI7wc3x7X8af_4mqfWOAE0Lm2mx8NruM70UCnj1xYXVFS6hXFDkw42Cg0C6futgaHNoX55iyLHYw46iCuMlXISX0ZzEORHK3kvnEYbdNGXi4C6P567ReH4rq8R.fpDTifZ.mmdlvRMV2jYlwAl2g7z94dbK0uMwPQxE3iAU2HuoPJitvUzkYjD9mR.p.oWnobFHvYf33bFEB4L7uLNyOXyLtt8CNdTALttXqcdCue2I0WyBdqo',};var a = document.createElement('script');a.src = '/cdn-cgi/challenge-platform/h/g/orchestrate/chl_page/v1?ray=9e13c2dd2df540ea';window._cf_chl_opt.cOgUHash = location.hash === '' &amp;&amp; location.href.indexOf('#') !== -1 ? '#' : location.hash;window._cf_chl_opt.cOgUQuery = location.search === '' &amp;&amp; location.href.slice(0, location.href.length - window._cf_chl_opt.cOgUHash.length).indexOf('?') !== -1 ? '?' : location.search;if (window.history &amp;&amp; window.history.replaceState) {var ogU = location.pathname + window._cf_chl_opt.cOgUQuery + window._cf_chl_opt.cOgUHash;history.replaceState(null, null,"/api/users/3?__cf_chl_rt_tk=nDNFkTDZ.1XcRB6Ij.Xv4U6gJMzrvXhiOdhHIW.9L8k-1774335231-1.0.1.1-AHLRr11cvNu1U8bL5x3vClBqJkKSp5ODfxQRCf6Y_2I"+ window._cf_chl_opt.cOgUHash);a.onload = function() {history.replaceState(null, null, ogU);}}document.getElementsByTagName('head')[0].appendChild(a);}());</script>
  </body>
</html>
]]></system-out>
    <system-err><![CDATA[SLF4J: Failed to load class "org.slf4j.impl.StaticLoggerBinder".
SLF4J: Defaulting to no-operation (NOP) logger implementation
SLF4J: See http://www.slf4j.org/codes.html#StaticLoggerBinder for further details.
]]></system-err>
  </testcase>
  <testcase name="testGetUserById9999" classname="com.testing.assignment.tests.GetTests" time="0.207">
    <failure message="1 expectation failed.&#10;Expected content-type &quot;JSON&quot; doesn&apos;t match actual content-type &quot;text/html; charset=UTF-8&quot;.&#10;" type="java.lang.AssertionError"><![CDATA[java.lang.AssertionError: 
1 expectation failed.
Expected content-type "JSON" doesn't match actual content-type "text/html; charset=UTF-8".

	at java.base/jdk.internal.reflect.NativeConstructorAccessorImpl.newInstance0(Native Method)
	at java.base/jdk.internal.reflect.NativeConstructorAccessorImpl.newInstance(NativeConstructorAccessorImpl.java:77)
	at java.base/jdk.internal.reflect.DelegatingConstructorAccessorImpl.newInstance(DelegatingConstructorAccessorImpl.java:45)
	at java.base/java.lang.reflect.Constructor.newInstanceWithCaller(Constructor.java:499)
	at java.base/java.lang.reflect.Constructor.newInstance(Constructor.java:480)
	at org.codehaus.groovy.reflection.CachedConstructor.invoke(CachedConstructor.java:73)
	at org.codehaus.groovy.runtime.callsite.ConstructorSite$ConstructorSiteNoUnwrapNoCoerce.callConstructor(ConstructorSite.java:108)
	at org.codehaus.groovy.runtime.callsite.AbstractCallSite.callConstructor(AbstractCallSite.java:277)
	at io.restassured.internal.ResponseSpecificationImpl$HamcrestAssertionClosure.validate(ResponseSpecificationImpl.groovy:512)
	at io.restassured.internal.ResponseSpecificationImpl$HamcrestAssertionClosure$validate$1.call(Unknown Source)
	at io.restassured.internal.ResponseSpecificationImpl.validate(ResponseSpecificationImpl.groovy:101)
	at io.restassured.internal.ValidatableResponseOptionsImpl.spec(ValidatableResponseOptionsImpl.java:288)
	at com.testing.assignment.tests.GetTests.testGetUserById9999(GetTests.java:63)
	at java.base/jdk.internal.reflect.NativeMethodAccessorImpl.invoke0(Native Method)
	at java.base/jdk.internal.reflect.NativeMethodAccessorImpl.invoke(NativeMethodAccessorImpl.java:77)
	at java.base/jdk.internal.reflect.DelegatingMethodAccessorImpl.invoke(DelegatingMethodAccessorImpl.java:43)
	at java.base/java.lang.reflect.Method.invoke(Method.java:568)
	at org.testng.internal.invokers.MethodInvocationHelper.invokeMethod(MethodInvocationHelper.java:139)
	at org.testng.internal.invokers.TestInvoker.invokeMethod(TestInvoker.java:664)
	at org.testng.internal.invokers.TestInvoker.invokeTestMethod(TestInvoker.java:228)
	at org.testng.internal.invokers.MethodRunner.runInSequence(MethodRunner.java:63)
	at org.testng.internal.invokers.TestInvoker$MethodInvocationAgent.invoke(TestInvoker.java:961)
	at org.testng.internal.invokers.TestInvoker.invokeTestMethods(TestInvoker.java:201)
	at org.testng.internal.invokers.TestMethodWorker.invokeTestMethods(TestMethodWorker.java:148)
	at org.testng.internal.invokers.TestMethodWorker.run(TestMethodWorker.java:128)
	at java.base/java.util.ArrayList.forEach(ArrayList.java:1511)
	at org.testng.TestRunner.privateRun(TestRunner.java:819)
	at org.testng.TestRunner.run(TestRunner.java:619)
	at org.testng.SuiteRunner.runTest(SuiteRunner.java:443)
	at org.testng.SuiteRunner.runSequentially(SuiteRunner.java:437)
	at org.testng.SuiteRunner.privateRun(SuiteRunner.java:397)
	at org.testng.SuiteRunner.run(SuiteRunner.java:336)
	at org.testng.SuiteRunnerWorker.runSuite(SuiteRunnerWorker.java:52)
	at org.testng.SuiteRunnerWorker.run(SuiteRunnerWorker.java:95)
	at org.testng.TestNG.runSuitesSequentially(TestNG.java:1301)
	at org.testng.TestNG.runSuitesLocally(TestNG.java:1228)
	at org.testng.TestNG.runSuites(TestNG.java:1134)
	at org.testng.TestNG.run(TestNG.java:1101)
	at org.apache.maven.surefire.testng.TestNGExecutor.run(TestNGExecutor.java:308)
	at org.apache.maven.surefire.testng.TestNGXmlTestSuite.execute(TestNGXmlTestSuite.java:71)
	at org.apache.maven.surefire.testng.TestNGProvider.invoke(TestNGProvider.java:113)
	at org.apache.maven.surefire.booter.ForkedBooter.runSuitesInProcess(ForkedBooter.java:385)
	at org.apache.maven.surefire.booter.ForkedBooter.execute(ForkedBooter.java:162)
	at org.apache.maven.surefire.booter.ForkedBooter.run(ForkedBooter.java:507)
	at org.apache.maven.surefire.booter.ForkedBooter.main(ForkedBooter.java:495)
]]></failure>
    <system-out><![CDATA[Request method:	GET
Request URI:	https://reqres.in/api/users/9999
Proxy:			<none>
Request params:	<none>
Query params:	<none>
Form params:	<none>
Path params:	<none>
Headers:		Accept=*/*
				Content-Type=application/json
Cookies:		<none>
Multiparts:		<none>
Body:			<none>
HTTP/1.1 403 Forbidden
Date: Tue, 24 Mar 2026 06:53:52 GMT
Content-Type: text/html; charset=UTF-8
Transfer-Encoding: chunked
Connection: close
Accept-Ch: Sec-CH-UA-Bitness, Sec-CH-UA-Arch, Sec-CH-UA-Full-Version, Sec-CH-UA-Mobile, Sec-CH-UA-Model, Sec-CH-UA-Platform-Version, Sec-CH-UA-Full-Version-List, Sec-CH-UA-Platform, Sec-CH-UA, UA-Bitness, UA-Arch, UA-Full-Version, UA-Mobile, UA-Model, UA-Platform-Version, UA-Platform, UA
Cf-Mitigated: challenge
Critical-Ch: Sec-CH-UA-Bitness, Sec-CH-UA-Arch, Sec-CH-UA-Full-Version, Sec-CH-UA-Mobile, Sec-CH-UA-Model, Sec-CH-UA-Platform-Version, Sec-CH-UA-Full-Version-List, Sec-CH-UA-Platform, Sec-CH-UA, UA-Bitness, UA-Arch, UA-Full-Version, UA-Mobile, UA-Model, UA-Platform-Version, UA-Platform, UA
Cross-Origin-Embedder-Policy: require-corp
Cross-Origin-Opener-Policy: same-origin
Cross-Origin-Resource-Policy: same-origin
Origin-Agent-Cluster: ?1
Permissions-Policy: accelerometer=(),browsing-topics=(),camera=(),clipboard-read=(),clipboard-write=(),geolocation=(),gyroscope=(),hid=(),interest-cohort=(),magnetometer=(),microphone=(),payment=(),publickey-credentials-get=(),screen-wake-lock=(),serial=(),sync-xhr=(),usb=()
Referrer-Policy: same-origin
Server-Timing: chlray;desc="9e13c2e2cb8c35aa"
X-Content-Type-Options: nosniff
X-Frame-Options: SAMEORIGIN
Report-To: {"group":"cf-nel","max_age":604800,"endpoints":[{"url":"https://a.nel.cloudflare.com/report/v4?s=lDQYddZnlXzYc3JQz%2F31h4kWB1qM5ZWUAULgQ7rrgvWExoPNOO0Hxh66TKjiHblfMgK3q8KvEL6KSErB0iCGeEGzwXwgOuxZ"}]}
Nel: {"report_to":"cf-nel","success_fraction":0.0,"max_age":604800}
Content-Encoding: gzip
Server: cloudflare
CF-RAY: 9e13c2e2cb8c35aa-SIN

<html lang="en-US">
  <head>
    <title>Just a moment...</title>
    <meta http-equiv="Content-Type" content="text/html; charset=UTF-8"/>
    <meta http-equiv="X-UA-Compatible" content="IE=Edge"/>
    <meta name="robots" content="noindex,nofollow"/>
    <meta name="viewport" content="width=device-width,initial-scale=1"/>
    <style>*{box-sizing:border-box;margin:0;padding:0}html{line-height:1.15;-webkit-text-size-adjust:100%;color:#313131;font-family:system-ui,-apple-system,BlinkMacSystemFont,"Segoe UI",Roboto,"Helvetica Neue",Arial,"Noto Sans",sans-serif,"Apple Color Emoji","Segoe UI Emoji","Segoe UI Symbol","Noto Color Emoji"}body{display:flex;flex-direction:column;height:100vh;min-height:100vh}.main-content{margin:8rem auto;padding-left:1.5rem;max-width:60rem}@media (width &lt;= 720px){.main-content{margin-top:4rem}}#challenge-error-text{background-image:url("data:image/svg+xml;base64,PHN2ZyB4bWxucz0iaHR0cDovL3d3dy53My5vcmcvMjAwMC9zdmciIHdpZHRoPSIzMiIgaGVpZ2h0PSIzMiIgZmlsbD0ibm9uZSI+PHBhdGggZmlsbD0iI0IyMEYwMyIgZD0iTTE2IDNhMTMgMTMgMCAxIDAgMTMgMTNBMTMuMDE1IDEzLjAxNSAwIDAgMCAxNiAzbTAgMjRhMTEgMTEgMCAxIDEgMTEtMTEgMTEuMDEgMTEuMDEgMCAwIDEtMTEgMTEiLz48cGF0aCBmaWxsPSIjQjIwRjAzIiBkPSJNMTcuMDM4IDE4LjYxNUgxNC44N0wxNC41NjMgOS41aDIuNzgzem0tMS4wODQgMS40MjdxLjY2IDAgMS4wNTcuMzg4LjQwNy4zODkuNDA3Ljk5NCAwIC41OTYtLjQwNy45ODQtLjM5Ny4zOS0xLjA1Ny4zODktLjY1IDAtMS4wNTYtLjM4OS0uMzk4LS4zODktLjM5OC0uOTg0IDAtLjU5Ny4zOTgtLjk4NS40MDYtLjM5NyAxLjA1Ni0uMzk3Ii8+PC9zdmc+");background-repeat:no-repeat;background-size:contain;padding-left:34px}</style>
    <meta http-equiv="refresh" content="360"/>
  </head>
  <body>
    <div class="main-wrapper" role="main">
      <div class="main-content">
        <noscript>
          <div class="h2">
            <span id="challenge-error-text">Enable JavaScript and cookies to continue</span>
          </div>
        </noscript>
      </div>
    </div>
    <script>(function(){window._cf_chl_opt = {cvId: '3',cZone: 'reqres.in',cType: 'managed',cRay: '9e13c2e2cb8c35aa',cH: 'dFDBZUZYyhs.FgQWWxh12SeiNkH_RnUTv100Tmj0hzE-1774335232-1.2.1.1-8adrry2Bej5fm69zFRAcLG5bpElUeLfh9djYDXNYvS7GlPRuMiiZpTQhKA1D40dS',cUPMDTk:"/api/users/9999?__cf_chl_tk=nDWkeNiBmOF5GH.h43zIoukzSjxYtw_vCkRPL4IbWdA-1774335232-1.0.1.1-q3K2JZTvsEz3k6BaM7fv5kzOp_E4toPy_BB2gY0QfB4",cFPWv: 'g',cITimeS: '1774335232',cTplC:0,cTplO:0,cTplV:5,cTplB: '0',fa:"/api/users/9999?__cf_chl_f_tk=nDWkeNiBmOF5GH.h43zIoukzSjxYtw_vCkRPL4IbWdA-1774335232-1.0.1.1-q3K2JZTvsEz3k6BaM7fv5kzOp_E4toPy_BB2gY0QfB4",md: 'T3e1h.GjXQhhAEuetYMCcBKXsUz2LmUmTlCDsggueFI-1774335232-1.2.1.1-qgL.yOiiQvpOtUMV_7xPUX5gbc9_sve_i4BvVR43.GhB4s5sUkPt_U5PwYG_joSug.W0DUATwt0K17lEm_xqMqzNYo3CxIDKXPUvOyAK2tTek_kasN1p6W_3qc.AFNEcirET1N1k33_qCeDGHL80RrcMLMOkifgXYPsP33NFsIFrC.eyVdtoh4xSuf.oAy.ATMICEJ0GbN22Lo2K8fUcjNKMeRpMGXLCMtPul_haulUaE1XgRtiTq1SfqmH.zxM.giTKzQ_volQfHrzULaJsyQkJR7xW._Io2ZGK4KmcAYm4YLANrTOVRHoBn8T98O.4zyD8yYM1f30YpnhhtrL4ZIe5G8I8a_1Dyy2tpjoRmaOfWtJS.apan34zp.oSYtfq3xp50Pgd3Q.cCti2GqCBKt5k2ZFPhAQt4OMfxHRdT9wKIqtE6hEThoMYsVA8Dd6qQRYh8HGKV1tZphMTUzDg4k_oLU_01QKDfKPItv3Aci8afJuUZcu9cQkaS5XKNwUxNcN2I4.OP2acNb.ERzEbUskTGj8dnvCcftPUuqPqWXU4c0O0gFW4JS3P_LlRZVHv1uR9ko2CP1rQaKyv7OiPbDcLjzdKUC.FJ8v49Cchdrj_ot6ByZJ4DK8JnFynWQAFKPm6wC5RFofTnWz58HM9w62FtpxqUYAcsMOpYTwmO.jm2NlOuyAM4d7FZYs.ygY4g7oAv19WKVxQh0D3Ikq4J8ba0kcexMZ6LzENnw8yBu53fJYtNOtKnGJg4Lo69iEgHWJ5hAQpKZ6MEWmISoEdWvEMeGfBADxacqquVPneQPqpPAdEFxhHdILz9hgUmJ1A2BrKfvcRsh5HLKRlQ.f5lXI6sMflKxq9aJ1KMR2SfKHNgoqDsXyh16XsCzEePkoG2KoF1vnCW06f3lTEek1DOGkYa6iniP8TFZifK62UXUGtDCeMu_8zOAEE1lmllEhH',mdrd: 'd5J64h8KpAg00pCFFvYLZcQo0EkuJ8_TaNPW5ga6M9A-1774335232-1.2.1.1-uwxWQf6k5KwN_EwsA.O2RiscrLbspXYzDQAd3C3Mz8WW6StBdaLZuwdSjfHTO3cMYulwz1SfLGTo9nhnKyvAIkdN5yAmoAcgtcfHU23i8VWCqG3gBxpVmQOONv30upvp1MZG6TWvPR3VZM7jNcAaUTnvFGyruOlt4wFaMYE0gtQKZFZ73akCQpyG5jSLiowxvjpAo5atkGWxqXydrRC6PvcHLyVHQR2Fim1UepP6qE5SUHS7hpFgmJqLSFqqQotskZdY.0ybQ_.0wRj4WKQwCw98A_GFf30hO1rao23XZjIz7Gb6.vV4sXRycAY2zb36vcsYqY1oKfTtii34HFFqoHnz2_bnh5wWljpILnrmaOM',};var a = document.createElement('script');a.src = '/cdn-cgi/challenge-platform/h/g/orchestrate/chl_page/v1?ray=9e13c2e2cb8c35aa';window._cf_chl_opt.cOgUHash = location.hash === '' &amp;&amp; location.href.indexOf('#') !== -1 ? '#' : location.hash;window._cf_chl_opt.cOgUQuery = location.search === '' &amp;&amp; location.href.slice(0, location.href.length - window._cf_chl_opt.cOgUHash.length).indexOf('?') !== -1 ? '?' : location.search;if (window.history &amp;&amp; window.history.replaceState) {var ogU = location.pathname + window._cf_chl_opt.cOgUQuery + window._cf_chl_opt.cOgUHash;history.replaceState(null, null,"/api/users/9999?__cf_chl_rt_tk=nDWkeNiBmOF5GH.h43zIoukzSjxYtw_vCkRPL4IbWdA-1774335232-1.0.1.1-q3K2JZTvsEz3k6BaM7fv5kzOp_E4toPy_BB2gY0QfB4"+ window._cf_chl_opt.cOgUHash);a.onload = function() {history.replaceState(null, null, ogU);}}document.getElementsByTagName('head')[0].appendChild(a);}());</script>
  </body>
</html>
]]></system-out>
  </testcase>
  <testcase name="testGetUsersPage1" classname="com.testing.assignment.tests.GetTests" time="0.174">
    <failure message="1 expectation failed.&#10;Expected content-type &quot;JSON&quot; doesn&apos;t match actual content-type &quot;text/html; charset=UTF-8&quot;.&#10;" type="java.lang.AssertionError"><![CDATA[java.lang.AssertionError: 
1 expectation failed.
Expected content-type "JSON" doesn't match actual content-type "text/html; charset=UTF-8".

	at java.base/jdk.internal.reflect.NativeConstructorAccessorImpl.newInstance0(Native Method)
	at java.base/jdk.internal.reflect.NativeConstructorAccessorImpl.newInstance(NativeConstructorAccessorImpl.java:77)
	at java.base/jdk.internal.reflect.DelegatingConstructorAccessorImpl.newInstance(DelegatingConstructorAccessorImpl.java:45)
	at java.base/java.lang.reflect.Constructor.newInstanceWithCaller(Constructor.java:499)
	at java.base/java.lang.reflect.Constructor.newInstance(Constructor.java:480)
	at org.codehaus.groovy.reflection.CachedConstructor.invoke(CachedConstructor.java:73)
	at org.codehaus.groovy.runtime.callsite.ConstructorSite$ConstructorSiteNoUnwrapNoCoerce.callConstructor(ConstructorSite.java:108)
	at org.codehaus.groovy.runtime.callsite.AbstractCallSite.callConstructor(AbstractCallSite.java:277)
	at io.restassured.internal.ResponseSpecificationImpl$HamcrestAssertionClosure.validate(ResponseSpecificationImpl.groovy:512)
	at io.restassured.internal.ResponseSpecificationImpl$HamcrestAssertionClosure$validate$1.call(Unknown Source)
	at io.restassured.internal.ResponseSpecificationImpl.validate(ResponseSpecificationImpl.groovy:101)
	at io.restassured.internal.ValidatableResponseOptionsImpl.spec(ValidatableResponseOptionsImpl.java:288)
	at com.testing.assignment.tests.GetTests.testGetUsersPage1(GetTests.java:18)
	at java.base/jdk.internal.reflect.NativeMethodAccessorImpl.invoke0(Native Method)
	at java.base/jdk.internal.reflect.NativeMethodAccessorImpl.invoke(NativeMethodAccessorImpl.java:77)
	at java.base/jdk.internal.reflect.DelegatingMethodAccessorImpl.invoke(DelegatingMethodAccessorImpl.java:43)
	at java.base/java.lang.reflect.Method.invoke(Method.java:568)
	at org.testng.internal.invokers.MethodInvocationHelper.invokeMethod(MethodInvocationHelper.java:139)
	at org.testng.internal.invokers.TestInvoker.invokeMethod(TestInvoker.java:664)
	at org.testng.internal.invokers.TestInvoker.invokeTestMethod(TestInvoker.java:228)
	at org.testng.internal.invokers.MethodRunner.runInSequence(MethodRunner.java:63)
	at org.testng.internal.invokers.TestInvoker$MethodInvocationAgent.invoke(TestInvoker.java:961)
	at org.testng.internal.invokers.TestInvoker.invokeTestMethods(TestInvoker.java:201)
	at org.testng.internal.invokers.TestMethodWorker.invokeTestMethods(TestMethodWorker.java:148)
	at org.testng.internal.invokers.TestMethodWorker.run(TestMethodWorker.java:128)
	at java.base/java.util.ArrayList.forEach(ArrayList.java:1511)
	at org.testng.TestRunner.privateRun(TestRunner.java:819)
	at org.testng.TestRunner.run(TestRunner.java:619)
	at org.testng.SuiteRunner.runTest(SuiteRunner.java:443)
	at org.testng.SuiteRunner.runSequentially(SuiteRunner.java:437)
	at org.testng.SuiteRunner.privateRun(SuiteRunner.java:397)
	at org.testng.SuiteRunner.run(SuiteRunner.java:336)
	at org.testng.SuiteRunnerWorker.runSuite(SuiteRunnerWorker.java:52)
	at org.testng.SuiteRunnerWorker.run(SuiteRunnerWorker.java:95)
	at org.testng.TestNG.runSuitesSequentially(TestNG.java:1301)
	at org.testng.TestNG.runSuitesLocally(TestNG.java:1228)
	at org.testng.TestNG.runSuites(TestNG.java:1134)
	at org.testng.TestNG.run(TestNG.java:1101)
	at org.apache.maven.surefire.testng.TestNGExecutor.run(TestNGExecutor.java:308)
	at org.apache.maven.surefire.testng.TestNGXmlTestSuite.execute(TestNGXmlTestSuite.java:71)
	at org.apache.maven.surefire.testng.TestNGProvider.invoke(TestNGProvider.java:113)
	at org.apache.maven.surefire.booter.ForkedBooter.runSuitesInProcess(ForkedBooter.java:385)
	at org.apache.maven.surefire.booter.ForkedBooter.execute(ForkedBooter.java:162)
	at org.apache.maven.surefire.booter.ForkedBooter.run(ForkedBooter.java:507)
	at org.apache.maven.surefire.booter.ForkedBooter.main(ForkedBooter.java:495)
]]></failure>
    <system-out><![CDATA[Request method:	GET
Request URI:	https://reqres.in/api/users?page=1
Proxy:			<none>
Request params:	<none>
Query params:	page=1
Form params:	<none>
Path params:	<none>
Headers:		Accept=*/*
				Content-Type=application/json
Cookies:		<none>
Multiparts:		<none>
Body:			<none>
HTTP/1.1 403 Forbidden
Date: Tue, 24 Mar 2026 06:53:52 GMT
Content-Type: text/html; charset=UTF-8
Transfer-Encoding: chunked
Connection: close
Accept-Ch: Sec-CH-UA-Bitness, Sec-CH-UA-Arch, Sec-CH-UA-Full-Version, Sec-CH-UA-Mobile, Sec-CH-UA-Model, Sec-CH-UA-Platform-Version, Sec-CH-UA-Full-Version-List, Sec-CH-UA-Platform, Sec-CH-UA, UA-Bitness, UA-Arch, UA-Full-Version, UA-Mobile, UA-Model, UA-Platform-Version, UA-Platform, UA
Cf-Mitigated: challenge
Critical-Ch: Sec-CH-UA-Bitness, Sec-CH-UA-Arch, Sec-CH-UA-Full-Version, Sec-CH-UA-Mobile, Sec-CH-UA-Model, Sec-CH-UA-Platform-Version, Sec-CH-UA-Full-Version-List, Sec-CH-UA-Platform, Sec-CH-UA, UA-Bitness, UA-Arch, UA-Full-Version, UA-Mobile, UA-Model, UA-Platform-Version, UA-Platform, UA
Cross-Origin-Embedder-Policy: require-corp
Cross-Origin-Opener-Policy: same-origin
Cross-Origin-Resource-Policy: same-origin
Origin-Agent-Cluster: ?1
Permissions-Policy: accelerometer=(),browsing-topics=(),camera=(),clipboard-read=(),clipboard-write=(),geolocation=(),gyroscope=(),hid=(),interest-cohort=(),magnetometer=(),microphone=(),payment=(),publickey-credentials-get=(),screen-wake-lock=(),serial=(),sync-xhr=(),usb=()
Referrer-Policy: same-origin
Server-Timing: chlray;desc="9e13c2e3ff14f543"
X-Content-Type-Options: nosniff
X-Frame-Options: SAMEORIGIN
Report-To: {"group":"cf-nel","max_age":604800,"endpoints":[{"url":"https://a.nel.cloudflare.com/report/v4?s=%2FGY9bP2Y%2F3EtlNhmwLftawvWlNeHW64811egaNGL5nh0fx9z3jfEj06fNAYIFAFxY6FuFhUb4mLX4EXZGU1%2F5zkg8gj13km5"}]}
Nel: {"report_to":"cf-nel","success_fraction":0.0,"max_age":604800}
Content-Encoding: gzip
Server: cloudflare
CF-RAY: 9e13c2e3ff14f543-SIN

<html lang="en-US">
  <head>
    <title>Just a moment...</title>
    <meta http-equiv="Content-Type" content="text/html; charset=UTF-8"/>
    <meta http-equiv="X-UA-Compatible" content="IE=Edge"/>
    <meta name="robots" content="noindex,nofollow"/>
    <meta name="viewport" content="width=device-width,initial-scale=1"/>
    <style>*{box-sizing:border-box;margin:0;padding:0}html{line-height:1.15;-webkit-text-size-adjust:100%;color:#313131;font-family:system-ui,-apple-system,BlinkMacSystemFont,"Segoe UI",Roboto,"Helvetica Neue",Arial,"Noto Sans",sans-serif,"Apple Color Emoji","Segoe UI Emoji","Segoe UI Symbol","Noto Color Emoji"}body{display:flex;flex-direction:column;height:100vh;min-height:100vh}.main-content{margin:8rem auto;padding-left:1.5rem;max-width:60rem}@media (width &lt;= 720px){.main-content{margin-top:4rem}}#challenge-error-text{background-image:url("data:image/svg+xml;base64,PHN2ZyB4bWxucz0iaHR0cDovL3d3dy53My5vcmcvMjAwMC9zdmciIHdpZHRoPSIzMiIgaGVpZ2h0PSIzMiIgZmlsbD0ibm9uZSI+PHBhdGggZmlsbD0iI0IyMEYwMyIgZD0iTTE2IDNhMTMgMTMgMCAxIDAgMTMgMTNBMTMuMDE1IDEzLjAxNSAwIDAgMCAxNiAzbTAgMjRhMTEgMTEgMCAxIDEgMTEtMTEgMTEuMDEgMTEuMDEgMCAwIDEtMTEgMTEiLz48cGF0aCBmaWxsPSIjQjIwRjAzIiBkPSJNMTcuMDM4IDE4LjYxNUgxNC44N0wxNC41NjMgOS41aDIuNzgzem0tMS4wODQgMS40MjdxLjY2IDAgMS4wNTcuMzg4LjQwNy4zODkuNDA3Ljk5NCAwIC41OTYtLjQwNy45ODQtLjM5Ny4zOS0xLjA1Ny4zODktLjY1IDAtMS4wNTYtLjM4OS0uMzk4LS4zODktLjM5OC0uOTg0IDAtLjU5Ny4zOTgtLjk4NS40MDYtLjM5NyAxLjA1Ni0uMzk3Ii8+PC9zdmc+");background-repeat:no-repeat;background-size:contain;padding-left:34px}</style>
    <meta http-equiv="refresh" content="360"/>
  </head>
  <body>
    <div class="main-wrapper" role="main">
      <div class="main-content">
        <noscript>
          <div class="h2">
            <span id="challenge-error-text">Enable JavaScript and cookies to continue</span>
          </div>
        </noscript>
      </div>
    </div>
    <script>(function(){window._cf_chl_opt = {cvId: '3',cZone: 'reqres.in',cType: 'managed',cRay: '9e13c2e3ff14f543',cH: 'D7uKczZMvjCwUVImcge1ZeWOuzdmlpxclFYIMy4Xm4g-1774335232-1.2.1.1-u_cRxa9e59OiX6S4ReKN8PFoS0IRTv4ASWmANNFX9_btl5KrPSos4kKHP4cbCQGh',cUPMDTk:"/api/users?page=1&amp;__cf_chl_tk=n8FAJklMieehvGaj_FZp6LQvnK41yM9ow9bwumtWYzA-1774335232-1.0.1.1-nv98W8otyeqbrrLrdiAsvkZh8ThVgYS8jcCpEI0V1yo",cFPWv: 'g',cITimeS: '1774335232',cTplC:0,cTplO:0,cTplV:5,cTplB: '0',fa:"/api/users?page=1&amp;__cf_chl_f_tk=n8FAJklMieehvGaj_FZp6LQvnK41yM9ow9bwumtWYzA-1774335232-1.0.1.1-nv98W8otyeqbrrLrdiAsvkZh8ThVgYS8jcCpEI0V1yo",md: '4NcCXgEfPgeW8MdlA8NqNnFPODtykoNysT36JeFqo5o-1774335232-1.2.1.1-i7ZGDY2KZzDVNH36cKR5knMAV9_26HNbEMtzd6J2tXYPQW1uJ7UypH7Z2IOIfnmbCOGJgoBsx3Bfra2C_hNz3a1asibfavm0RbkBljyKmZTuNb_mqxc48Kx3W7pv8GoeC7GX7FykfZMwMoYrc_5GsoY8JTcZOtKZLprmoz_9W4mqEus.aQm7K2dU2zr3FxYtAxv9vL3nr1Hr2NDX9mOQO_D7.YFMg8fy4rYv5BwaXeLzkjdW6VmjLYJ2IWrK_sDa0gzNfpnr9xHAOFhlDvYBvQSuvRYJVj_3tMb_BrkDZsU4f7Rv6ICoI4RixW.ycpST2ViEQD7HXSd0sdN.plUwIpn5stuCQ9iAd3f1yJd6paDgsDpOolkj6sD37_psNvxvfJlHADy5nwPhOzZUWX3mN.X3uR2Ua0yu0RGCoGT7DyjE5mtnUIx_FYZ9AonOsC4Uf5zQb8JdO4qIm8nzmka6k5Q6uDwJIzAmDAZGfCsh1s02Yidta5z.GLBnvqhkWvqaWGdmA0m1pAcK.JIhEzAfxvwOKchmwDwbmp7IMIRNxWFmxl67UHhmiDRT4g8iMw4mefQAw5YKYYygwb9l9FdV7SqYv1yQ3XiF.wGzWcchL9pAk6zKL2LqYXMRL9WRhJqIJhIJitnt_0wbi3NdZasEf7_C.BQZ0hj083nQw_iHMF7EQaFoxlHdJqBQxnqRg3iqUkvedsK1VGSDYL.aEHm7Ip1qUQg0jFazFe.i_9y7UAlZ.Ib_aL9nZV6dOzH1X7EcJLrQ0Tb6wZuC4ptcuIuusE_txPflGh9KhpYgkz2PCRZiC.fxebFknPbPaOnsFcxkF46EZmu.aGkBhyGSo6w9rD.IKzVcTg1DChLKiUoQuVkWQ6wzzVRryNJuaajfsSqc5dfUw3dh2Czk0_anmDOZyMxqo0cJYtW.fdH4tjleKrchWNBiD2XtOMHXDQNpqMcD',mdrd: 'FUjR_PtckdPLPq_50nr.xRVCtlssrRIpPXYCJrZXxJQ-1774335232-1.2.1.1-ulg9ZtDqCk6H0_SCcqbmJ0cTTSVCNR7MlirZNX2L5hG_i8WXPmmzBfYsfRwd3.gAJtlJOVzQhpISHxYxH1Vd4mTZjcTx_9tn5D3g.7lNOL9zL6P8GmAmlDhi.ucWU3SsN8Oun80QpJv2YzbNgTQ9hn0tNenKmHLt.uQR4FFOZcHZESs1vYrmIk98cRsWPYfXqCIkKYdkhEgKWtphIcNW55g5cdCymFYEV0RhAGlgFsnsgYBedqoC1jloKwOsF90Zksmcf1wBHJsAL11FdtsaG1o0qzgqBhfUgZjDHL10DkRfdN0lSzpX66vVnPptJYwgXUkbgSaNiMwhhHJ3bLYdFVvHgpXe.iiFpRBwS4TsRAI',};var a = document.createElement('script');a.src = '/cdn-cgi/challenge-platform/h/g/orchestrate/chl_page/v1?ray=9e13c2e3ff14f543';window._cf_chl_opt.cOgUHash = location.hash === '' &amp;&amp; location.href.indexOf('#') !== -1 ? '#' : location.hash;window._cf_chl_opt.cOgUQuery = location.search === '' &amp;&amp; location.href.slice(0, location.href.length - window._cf_chl_opt.cOgUHash.length).indexOf('?') !== -1 ? '?' : location.search;if (window.history &amp;&amp; window.history.replaceState) {var ogU = location.pathname + window._cf_chl_opt.cOgUQuery + window._cf_chl_opt.cOgUHash;history.replaceState(null, null,"/api/users?page=1&amp;__cf_chl_rt_tk=n8FAJklMieehvGaj_FZp6LQvnK41yM9ow9bwumtWYzA-1774335232-1.0.1.1-nv98W8otyeqbrrLrdiAsvkZh8ThVgYS8jcCpEI0V1yo"+ window._cf_chl_opt.cOgUHash);a.onload = function() {history.replaceState(null, null, ogU);}}document.getElementsByTagName('head')[0].appendChild(a);}());</script>
  </body>
</html>
]]></system-out>
  </testcase>
  <testcase name="testGetUsersPage2" classname="com.testing.assignment.tests.GetTests" time="0.168">
    <failure message="1 expectation failed.&#10;Expected content-type &quot;JSON&quot; doesn&apos;t match actual content-type &quot;text/html; charset=UTF-8&quot;.&#10;" type="java.lang.AssertionError"><![CDATA[java.lang.AssertionError: 
1 expectation failed.
Expected content-type "JSON" doesn't match actual content-type "text/html; charset=UTF-8".

	at java.base/jdk.internal.reflect.NativeConstructorAccessorImpl.newInstance0(Native Method)
	at java.base/jdk.internal.reflect.NativeConstructorAccessorImpl.newInstance(NativeConstructorAccessorImpl.java:77)
	at java.base/jdk.internal.reflect.DelegatingConstructorAccessorImpl.newInstance(DelegatingConstructorAccessorImpl.java:45)
	at java.base/java.lang.reflect.Constructor.newInstanceWithCaller(Constructor.java:499)
	at java.base/java.lang.reflect.Constructor.newInstance(Constructor.java:480)
	at org.codehaus.groovy.reflection.CachedConstructor.invoke(CachedConstructor.java:73)
	at org.codehaus.groovy.runtime.callsite.ConstructorSite$ConstructorSiteNoUnwrapNoCoerce.callConstructor(ConstructorSite.java:108)
	at org.codehaus.groovy.runtime.callsite.AbstractCallSite.callConstructor(AbstractCallSite.java:277)
	at io.restassured.internal.ResponseSpecificationImpl$HamcrestAssertionClosure.validate(ResponseSpecificationImpl.groovy:512)
	at io.restassured.internal.ResponseSpecificationImpl$HamcrestAssertionClosure$validate$1.call(Unknown Source)
	at io.restassured.internal.ResponseSpecificationImpl.validate(ResponseSpecificationImpl.groovy:101)
	at io.restassured.internal.ValidatableResponseOptionsImpl.spec(ValidatableResponseOptionsImpl.java:288)
	at com.testing.assignment.tests.GetTests.testGetUsersPage2(GetTests.java:32)
	at java.base/jdk.internal.reflect.NativeMethodAccessorImpl.invoke0(Native Method)
	at java.base/jdk.internal.reflect.NativeMethodAccessorImpl.invoke(NativeMethodAccessorImpl.java:77)
	at java.base/jdk.internal.reflect.DelegatingMethodAccessorImpl.invoke(DelegatingMethodAccessorImpl.java:43)
	at java.base/java.lang.reflect.Method.invoke(Method.java:568)
	at org.testng.internal.invokers.MethodInvocationHelper.invokeMethod(MethodInvocationHelper.java:139)
	at org.testng.internal.invokers.TestInvoker.invokeMethod(TestInvoker.java:664)
	at org.testng.internal.invokers.TestInvoker.invokeTestMethod(TestInvoker.java:228)
	at org.testng.internal.invokers.MethodRunner.runInSequence(MethodRunner.java:63)
	at org.testng.internal.invokers.TestInvoker$MethodInvocationAgent.invoke(TestInvoker.java:961)
	at org.testng.internal.invokers.TestInvoker.invokeTestMethods(TestInvoker.java:201)
	at org.testng.internal.invokers.TestMethodWorker.invokeTestMethods(TestMethodWorker.java:148)
	at org.testng.internal.invokers.TestMethodWorker.run(TestMethodWorker.java:128)
	at java.base/java.util.ArrayList.forEach(ArrayList.java:1511)
	at org.testng.TestRunner.privateRun(TestRunner.java:819)
	at org.testng.TestRunner.run(TestRunner.java:619)
	at org.testng.SuiteRunner.runTest(SuiteRunner.java:443)
	at org.testng.SuiteRunner.runSequentially(SuiteRunner.java:437)
	at org.testng.SuiteRunner.privateRun(SuiteRunner.java:397)
	at org.testng.SuiteRunner.run(SuiteRunner.java:336)
	at org.testng.SuiteRunnerWorker.runSuite(SuiteRunnerWorker.java:52)
	at org.testng.SuiteRunnerWorker.run(SuiteRunnerWorker.java:95)
	at org.testng.TestNG.runSuitesSequentially(TestNG.java:1301)
	at org.testng.TestNG.runSuitesLocally(TestNG.java:1228)
	at org.testng.TestNG.runSuites(TestNG.java:1134)
	at org.testng.TestNG.run(TestNG.java:1101)
	at org.apache.maven.surefire.testng.TestNGExecutor.run(TestNGExecutor.java:308)
	at org.apache.maven.surefire.testng.TestNGXmlTestSuite.execute(TestNGXmlTestSuite.java:71)
	at org.apache.maven.surefire.testng.TestNGProvider.invoke(TestNGProvider.java:113)
	at org.apache.maven.surefire.booter.ForkedBooter.runSuitesInProcess(ForkedBooter.java:385)
	at org.apache.maven.surefire.booter.ForkedBooter.execute(ForkedBooter.java:162)
	at org.apache.maven.surefire.booter.ForkedBooter.run(ForkedBooter.java:507)
	at org.apache.maven.surefire.booter.ForkedBooter.main(ForkedBooter.java:495)
]]></failure>
    <system-out><![CDATA[Request method:	GET
Request URI:	https://reqres.in/api/users?page=2
Proxy:			<none>
Request params:	<none>
Query params:	page=2
Form params:	<none>
Path params:	<none>
Headers:		Accept=*/*
				Content-Type=application/json
Cookies:		<none>
Multiparts:		<none>
Body:			<none>
HTTP/1.1 403 Forbidden
Date: Tue, 24 Mar 2026 06:53:52 GMT
Content-Type: text/html; charset=UTF-8
Transfer-Encoding: chunked
Connection: close
Accept-Ch: Sec-CH-UA-Bitness, Sec-CH-UA-Arch, Sec-CH-UA-Full-Version, Sec-CH-UA-Mobile, Sec-CH-UA-Model, Sec-CH-UA-Platform-Version, Sec-CH-UA-Full-Version-List, Sec-CH-UA-Platform, Sec-CH-UA, UA-Bitness, UA-Arch, UA-Full-Version, UA-Mobile, UA-Model, UA-Platform-Version, UA-Platform, UA
Cf-Mitigated: challenge
Critical-Ch: Sec-CH-UA-Bitness, Sec-CH-UA-Arch, Sec-CH-UA-Full-Version, Sec-CH-UA-Mobile, Sec-CH-UA-Model, Sec-CH-UA-Platform-Version, Sec-CH-UA-Full-Version-List, Sec-CH-UA-Platform, Sec-CH-UA, UA-Bitness, UA-Arch, UA-Full-Version, UA-Mobile, UA-Model, UA-Platform-Version, UA-Platform, UA
Cross-Origin-Embedder-Policy: require-corp
Cross-Origin-Opener-Policy: same-origin
Cross-Origin-Resource-Policy: same-origin
Origin-Agent-Cluster: ?1
Permissions-Policy: accelerometer=(),browsing-topics=(),camera=(),clipboard-read=(),clipboard-write=(),geolocation=(),gyroscope=(),hid=(),interest-cohort=(),magnetometer=(),microphone=(),payment=(),publickey-credentials-get=(),screen-wake-lock=(),serial=(),sync-xhr=(),usb=()
Referrer-Policy: same-origin
Server-Timing: chlray;desc="9e13c2e4dd4664ca"
X-Content-Type-Options: nosniff
X-Frame-Options: SAMEORIGIN
Report-To: {"group":"cf-nel","max_age":604800,"endpoints":[{"url":"https://a.nel.cloudflare.com/report/v4?s=Kg2trL83BGILlpraY%2B507Wiw7dqT%2BNOrWGrZ1oMQ2JlcVgzlxV%2FXs6UybPWAGLlU5Gt4Mb5h7Jo8KarKxdoyJmBD7ao94pBB"}]}
Nel: {"report_to":"cf-nel","success_fraction":0.0,"max_age":604800}
Content-Encoding: gzip
Server: cloudflare
CF-RAY: 9e13c2e4dd4664ca-SIN

<html lang="en-US">
  <head>
    <title>Just a moment...</title>
    <meta http-equiv="Content-Type" content="text/html; charset=UTF-8"/>
    <meta http-equiv="X-UA-Compatible" content="IE=Edge"/>
    <meta name="robots" content="noindex,nofollow"/>
    <meta name="viewport" content="width=device-width,initial-scale=1"/>
    <style>*{box-sizing:border-box;margin:0;padding:0}html{line-height:1.15;-webkit-text-size-adjust:100%;color:#313131;font-family:system-ui,-apple-system,BlinkMacSystemFont,"Segoe UI",Roboto,"Helvetica Neue",Arial,"Noto Sans",sans-serif,"Apple Color Emoji","Segoe UI Emoji","Segoe UI Symbol","Noto Color Emoji"}body{display:flex;flex-direction:column;height:100vh;min-height:100vh}.main-content{margin:8rem auto;padding-left:1.5rem;max-width:60rem}@media (width &lt;= 720px){.main-content{margin-top:4rem}}#challenge-error-text{background-image:url("data:image/svg+xml;base64,PHN2ZyB4bWxucz0iaHR0cDovL3d3dy53My5vcmcvMjAwMC9zdmciIHdpZHRoPSIzMiIgaGVpZ2h0PSIzMiIgZmlsbD0ibm9uZSI+PHBhdGggZmlsbD0iI0IyMEYwMyIgZD0iTTE2IDNhMTMgMTMgMCAxIDAgMTMgMTNBMTMuMDE1IDEzLjAxNSAwIDAgMCAxNiAzbTAgMjRhMTEgMTEgMCAxIDEgMTEtMTEgMTEuMDEgMTEuMDEgMCAwIDEtMTEgMTEiLz48cGF0aCBmaWxsPSIjQjIwRjAzIiBkPSJNMTcuMDM4IDE4LjYxNUgxNC44N0wxNC41NjMgOS41aDIuNzgzem0tMS4wODQgMS40MjdxLjY2IDAgMS4wNTcuMzg4LjQwNy4zODkuNDA3Ljk5NCAwIC41OTYtLjQwNy45ODQtLjM5Ny4zOS0xLjA1Ny4zODktLjY1IDAtMS4wNTYtLjM4OS0uMzk4LS4zODktLjM5OC0uOTg0IDAtLjU5Ny4zOTgtLjk4NS40MDYtLjM5NyAxLjA1Ni0uMzk3Ii8+PC9zdmc+");background-repeat:no-repeat;background-size:contain;padding-left:34px}</style>
    <meta http-equiv="refresh" content="360"/>
  </head>
  <body>
    <div class="main-wrapper" role="main">
      <div class="main-content">
        <noscript>
          <div class="h2">
            <span id="challenge-error-text">Enable JavaScript and cookies to continue</span>
          </div>
        </noscript>
      </div>
    </div>
    <script>(function(){window._cf_chl_opt = {cvId: '3',cZone: 'reqres.in',cType: 'managed',cRay: '9e13c2e4dd4664ca',cH: 'pAG35G1ZYdF8yXL4nPeJAAO_ByEHlnlJ0XIbJi.MdRA-1774335232-1.2.1.1-_LP.wCy0kkeWrx0W2Dg4WdgkraSWM7HkqtAI6fI4aEHSg0eCYij55OumSWJkZMRc',cUPMDTk:"/api/users?page=2&amp;__cf_chl_tk=tDm6v.k9bUFDEVcDFfYAsls4tGMmXZ1VGTOt.LBt92o-1774335232-1.0.1.1-TJntgkAp5JPUTTwLRqE36lBFl4xzJP6LtjdqbHdXe2Q",cFPWv: 'g',cITimeS: '1774335232',cTplC:0,cTplO:0,cTplV:5,cTplB: '0',fa:"/api/users?page=2&amp;__cf_chl_f_tk=tDm6v.k9bUFDEVcDFfYAsls4tGMmXZ1VGTOt.LBt92o-1774335232-1.0.1.1-TJntgkAp5JPUTTwLRqE36lBFl4xzJP6LtjdqbHdXe2Q",md: 'TSN0ADylHQ6DkDCZ0UTXQSljtuC96G0Ykh_wD2xk75Q-1774335232-1.2.1.1-ro0gdRD9dBIqu1rTWvYL1Zc.SBjSVjlWUddUrzCSZB16tLMKL87ASS7AONTj9RCs5ArDs8_P_Yr73upR92BuDXpHjISBi2B7r7VqhDFH01OQwTaa8mQe7Z6sSU9kW523wZBdvorlp1d5FcoFA3urHo4_RlHgLIzpFjo3RkPDJDrhT_lOWGo6_GpTXmu3DUfIqhJIECLOm65.QQfh7hICQqYAGjP5kGdaFQH2_0K2xNZ3_35Fc4LfxRHjf3wJYo2epFUaUv3QPT6k6kH5LbJit52fV.jx0YDRjyP9DEnoJ8zKM6QawpSuvMilLAg_Z0asuwr9eRqMpVtToI9Cnro7HbP7l3D_aolrUFwgXd.5Tqk5kRSF63sb1ss3RYcbnnJw2hlG5QppBKHeEOvBhY2rFqUbfPKQ2qWVxu2rbg91Jj_axWCKn4YmZLyuwnmbzlSLlI5qsq.UzYU4DmB65ViPgV.WuuFbdg4ng8ACY4BhXeRi0DPL9TY8xsF76Li8rySyeeJCT81m9CMSfqcWrf3_sgcREJVtAMMU_dNjS5.l6PudDMGvXcGSEfvsYLAh4l_BnHKLJHjFrbsmswSA.bFu1.uYDZquh0UnDQ8iOU0y7lIq_K_8Oi8sEacA1szSiJSZw5fyo3ddNLQ2K7w2N_AgBNVGW0ocfNHn3Ay0fWr1ejSgMe.80q19zIW79vKuE9bPPntkOATQUFl9RL7ARI5GyIeY3McdqMGI6.GLSXUgUhhZuCoC6O3UlYiYSBGm04jc.id1.uEmHKeOTO0FpJlTnpseDZGOeyLqboBXDQarNrOSTARotvFNwfx49Ptsay6iHOqUptDHvxJIMWgWiPnBD_IsuL9JX42BPgGdzUPM.bV9eh9UW6ITM9rCXF9O_Z9WNOYiUrrMMOjSh8oElK4JLiGvu19Lvj.U2m1RSuHr76ut7eo4v_mSpqgohxPr7XAn',mdrd: 'AaJACYQ3AUP1P6h4g9r72HyOlKy_UOC5XQEXekt62OY-1774335232-1.2.1.1-TjzODG88SBKj7nRuMnBXOOJKCNkTOgbeUrpOrLV6mQV2__eYaQLb6c6PBM06w98ELqn1uUq6fYBC9o_iEdq6pfIx28VU2mP_uWbxQm51ZhVZ3.q9eRVfjPc1HRFtS0ji9LDOw4d74K1JtlEHSDK6GMgIxtV__HqAAib3GXFI0fqYesemOlTZIsVY07nmaPHRmk7T7K4D5pTdRTgrQKdV5oI5LiP8srMxrhS9dDWH1lJKtsqd5f_9k5O9MGB2hhBfrektG.vAR.YfU4kY65blxY22.f8DuCb_fhjb2brPVVfBso1S5r5jyAdpHUh5cYPkXfGOe9XqBBfqa0iz3TnyILytaPxaBQfPS8KT4XiKkDg',};var a = document.createElement('script');a.src = '/cdn-cgi/challenge-platform/h/g/orchestrate/chl_page/v1?ray=9e13c2e4dd4664ca';window._cf_chl_opt.cOgUHash = location.hash === '' &amp;&amp; location.href.indexOf('#') !== -1 ? '#' : location.hash;window._cf_chl_opt.cOgUQuery = location.search === '' &amp;&amp; location.href.slice(0, location.href.length - window._cf_chl_opt.cOgUHash.length).indexOf('?') !== -1 ? '?' : location.search;if (window.history &amp;&amp; window.history.replaceState) {var ogU = location.pathname + window._cf_chl_opt.cOgUQuery + window._cf_chl_opt.cOgUHash;history.replaceState(null, null,"/api/users?page=2&amp;__cf_chl_rt_tk=tDm6v.k9bUFDEVcDFfYAsls4tGMmXZ1VGTOt.LBt92o-1774335232-1.0.1.1-TJntgkAp5JPUTTwLRqE36lBFl4xzJP6LtjdqbHdXe2Q"+ window._cf_chl_opt.cOgUHash);a.onload = function() {history.replaceState(null, null, ogU);}}document.getElementsByTagName('head')[0].appendChild(a);}());</script>
  </body>
</html>
]]></system-out>
  </testcase>
  <testcase name="testCreateUser" classname="com.testing.assignment.tests.CrudTests" time="1.145">
    <failure message="1 expectation failed.&#10;Expected content-type &quot;JSON&quot; doesn&apos;t match actual content-type &quot;text/html; charset=UTF-8&quot;.&#10;" type="java.lang.AssertionError"><![CDATA[java.lang.AssertionError: 
1 expectation failed.
Expected content-type "JSON" doesn't match actual content-type "text/html; charset=UTF-8".

	at java.base/jdk.internal.reflect.NativeConstructorAccessorImpl.newInstance0(Native Method)
	at java.base/jdk.internal.reflect.NativeConstructorAccessorImpl.newInstance(NativeConstructorAccessorImpl.java:77)
	at java.base/jdk.internal.reflect.DelegatingConstructorAccessorImpl.newInstance(DelegatingConstructorAccessorImpl.java:45)
	at java.base/java.lang.reflect.Constructor.newInstanceWithCaller(Constructor.java:499)
	at java.base/java.lang.reflect.Constructor.newInstance(Constructor.java:480)
	at org.codehaus.groovy.reflection.CachedConstructor.invoke(CachedConstructor.java:73)
	at org.codehaus.groovy.runtime.callsite.ConstructorSite$ConstructorSiteNoUnwrapNoCoerce.callConstructor(ConstructorSite.java:108)
	at org.codehaus.groovy.runtime.callsite.AbstractCallSite.callConstructor(AbstractCallSite.java:277)
	at io.restassured.internal.ResponseSpecificationImpl$HamcrestAssertionClosure.validate(ResponseSpecificationImpl.groovy:512)
	at io.restassured.internal.ResponseSpecificationImpl$HamcrestAssertionClosure$validate$1.call(Unknown Source)
	at io.restassured.internal.ResponseSpecificationImpl.validate(ResponseSpecificationImpl.groovy:101)
	at io.restassured.internal.ValidatableResponseOptionsImpl.spec(ValidatableResponseOptionsImpl.java:288)
	at com.testing.assignment.tests.CrudTests.testCreateUser(CrudTests.java:29)
	at java.base/jdk.internal.reflect.NativeMethodAccessorImpl.invoke0(Native Method)
	at java.base/jdk.internal.reflect.NativeMethodAccessorImpl.invoke(NativeMethodAccessorImpl.java:77)
	at java.base/jdk.internal.reflect.DelegatingMethodAccessorImpl.invoke(DelegatingMethodAccessorImpl.java:43)
	at java.base/java.lang.reflect.Method.invoke(Method.java:568)
	at org.testng.internal.invokers.MethodInvocationHelper.invokeMethod(MethodInvocationHelper.java:139)
	at org.testng.internal.invokers.TestInvoker.invokeMethod(TestInvoker.java:664)
	at org.testng.internal.invokers.TestInvoker.invokeTestMethod(TestInvoker.java:228)
	at org.testng.internal.invokers.MethodRunner.runInSequence(MethodRunner.java:63)
	at org.testng.internal.invokers.TestInvoker$MethodInvocationAgent.invoke(TestInvoker.java:961)
	at org.testng.internal.invokers.TestInvoker.invokeTestMethods(TestInvoker.java:201)
	at org.testng.internal.invokers.TestMethodWorker.invokeTestMethods(TestMethodWorker.java:148)
	at org.testng.internal.invokers.TestMethodWorker.run(TestMethodWorker.java:128)
	at java.base/java.util.ArrayList.forEach(ArrayList.java:1511)
	at org.testng.TestRunner.privateRun(TestRunner.java:819)
	at org.testng.TestRunner.run(TestRunner.java:619)
	at org.testng.SuiteRunner.runTest(SuiteRunner.java:443)
	at org.testng.SuiteRunner.runSequentially(SuiteRunner.java:437)
	at org.testng.SuiteRunner.privateRun(SuiteRunner.java:397)
	at org.testng.SuiteRunner.run(SuiteRunner.java:336)
	at org.testng.SuiteRunnerWorker.runSuite(SuiteRunnerWorker.java:52)
	at org.testng.SuiteRunnerWorker.run(SuiteRunnerWorker.java:95)
	at org.testng.TestNG.runSuitesSequentially(TestNG.java:1301)
	at org.testng.TestNG.runSuitesLocally(TestNG.java:1228)
	at org.testng.TestNG.runSuites(TestNG.java:1134)
	at org.testng.TestNG.run(TestNG.java:1101)
	at org.apache.maven.surefire.testng.TestNGExecutor.run(TestNGExecutor.java:308)
	at org.apache.maven.surefire.testng.TestNGXmlTestSuite.execute(TestNGXmlTestSuite.java:71)
	at org.apache.maven.surefire.testng.TestNGProvider.invoke(TestNGProvider.java:113)
	at org.apache.maven.surefire.booter.ForkedBooter.runSuitesInProcess(ForkedBooter.java:385)
	at org.apache.maven.surefire.booter.ForkedBooter.execute(ForkedBooter.java:162)
	at org.apache.maven.surefire.booter.ForkedBooter.run(ForkedBooter.java:507)
	at org.apache.maven.surefire.booter.ForkedBooter.main(ForkedBooter.java:495)
]]></failure>
    <system-out><![CDATA[Request method:	POST
Request URI:	https://reqres.in/api/users
Proxy:			<none>
Request params:	<none>
Query params:	<none>
Form params:	<none>
Path params:	<none>
Headers:		Accept=*/*
				Content-Type=application/json
Cookies:		<none>
Multiparts:		<none>
Body:
{
    "name": "Thong",
    "job": "QA Engineer"
}
HTTP/1.1 403 Forbidden
Date: Tue, 24 Mar 2026 06:53:53 GMT
Content-Type: text/html; charset=UTF-8
Transfer-Encoding: chunked
Connection: close
Accept-Ch: Sec-CH-UA-Bitness, Sec-CH-UA-Arch, Sec-CH-UA-Full-Version, Sec-CH-UA-Mobile, Sec-CH-UA-Model, Sec-CH-UA-Platform-Version, Sec-CH-UA-Full-Version-List, Sec-CH-UA-Platform, Sec-CH-UA, UA-Bitness, UA-Arch, UA-Full-Version, UA-Mobile, UA-Model, UA-Platform-Version, UA-Platform, UA
Cf-Mitigated: challenge
Critical-Ch: Sec-CH-UA-Bitness, Sec-CH-UA-Arch, Sec-CH-UA-Full-Version, Sec-CH-UA-Mobile, Sec-CH-UA-Model, Sec-CH-UA-Platform-Version, Sec-CH-UA-Full-Version-List, Sec-CH-UA-Platform, Sec-CH-UA, UA-Bitness, UA-Arch, UA-Full-Version, UA-Mobile, UA-Model, UA-Platform-Version, UA-Platform, UA
Cross-Origin-Embedder-Policy: require-corp
Cross-Origin-Opener-Policy: same-origin
Cross-Origin-Resource-Policy: same-origin
Origin-Agent-Cluster: ?1
Permissions-Policy: accelerometer=(),browsing-topics=(),camera=(),clipboard-read=(),clipboard-write=(),geolocation=(),gyroscope=(),hid=(),interest-cohort=(),magnetometer=(),microphone=(),payment=(),publickey-credentials-get=(),screen-wake-lock=(),serial=(),sync-xhr=(),usb=()
Referrer-Policy: same-origin
Server-Timing: chlray;desc="9e13c2ec0a9ed4a0"
X-Content-Type-Options: nosniff
X-Frame-Options: SAMEORIGIN
Report-To: {"group":"cf-nel","max_age":604800,"endpoints":[{"url":"https://a.nel.cloudflare.com/report/v4?s=SvxgtmX9Yh%2BmfHRus9nTWKAsubbEIwJmE6tIcr7IJP3Dr88ZooO3tNQF5WLtHEP5u%2F9%2FwQqykZ2Vfkz%2FWwi1K8IhiC0y4iqm"}]}
Nel: {"report_to":"cf-nel","success_fraction":0.0,"max_age":604800}
Content-Encoding: gzip
Server: cloudflare
CF-RAY: 9e13c2ec0a9ed4a0-SIN

<html lang="en-US">
  <head>
    <title>Just a moment...</title>
    <meta http-equiv="Content-Type" content="text/html; charset=UTF-8"/>
    <meta http-equiv="X-UA-Compatible" content="IE=Edge"/>
    <meta name="robots" content="noindex,nofollow"/>
    <meta name="viewport" content="width=device-width,initial-scale=1"/>
    <style>*{box-sizing:border-box;margin:0;padding:0}html{line-height:1.15;-webkit-text-size-adjust:100%;color:#313131;font-family:system-ui,-apple-system,BlinkMacSystemFont,"Segoe UI",Roboto,"Helvetica Neue",Arial,"Noto Sans",sans-serif,"Apple Color Emoji","Segoe UI Emoji","Segoe UI Symbol","Noto Color Emoji"}body{display:flex;flex-direction:column;height:100vh;min-height:100vh}.main-content{margin:8rem auto;padding-left:1.5rem;max-width:60rem}@media (width &lt;= 720px){.main-content{margin-top:4rem}}#challenge-error-text{background-image:url("data:image/svg+xml;base64,PHN2ZyB4bWxucz0iaHR0cDovL3d3dy53My5vcmcvMjAwMC9zdmciIHdpZHRoPSIzMiIgaGVpZ2h0PSIzMiIgZmlsbD0ibm9uZSI+PHBhdGggZmlsbD0iI0IyMEYwMyIgZD0iTTE2IDNhMTMgMTMgMCAxIDAgMTMgMTNBMTMuMDE1IDEzLjAxNSAwIDAgMCAxNiAzbTAgMjRhMTEgMTEgMCAxIDEgMTEtMTEgMTEuMDEgMTEuMDEgMCAwIDEtMTEgMTEiLz48cGF0aCBmaWxsPSIjQjIwRjAzIiBkPSJNMTcuMDM4IDE4LjYxNUgxNC44N0wxNC41NjMgOS41aDIuNzgzem0tMS4wODQgMS40MjdxLjY2IDAgMS4wNTcuMzg4LjQwNy4zODkuNDA3Ljk5NCAwIC41OTYtLjQwNy45ODQtLjM5Ny4zOS0xLjA1Ny4zODktLjY1IDAtMS4wNTYtLjM4OS0uMzk4LS4zODktLjM5OC0uOTg0IDAtLjU5Ny4zOTgtLjk4NS40MDYtLjM5NyAxLjA1Ni0uMzk3Ii8+PC9zdmc+");background-repeat:no-repeat;background-size:contain;padding-left:34px}</style>
    <meta http-equiv="refresh" content="360"/>
  </head>
  <body>
    <div class="main-wrapper" role="main">
      <div class="main-content">
        <noscript>
          <div class="h2">
            <span id="challenge-error-text">Enable JavaScript and cookies to continue</span>
          </div>
        </noscript>
      </div>
    </div>
    <script>(function(){window._cf_chl_opt = {cvId: '3',cZone: 'reqres.in',cType: 'managed',cRay: '9e13c2ec0a9ed4a0',cH: 'vqYqqnxiXXxHFrPnJcgd9mBo0vT6sTHIE6zcaz6DxdY-1774335233-1.2.1.1-BhPSJKHgr8re0d69mcaK8bQqntAo3FSeaLEk8myekN5Y7PGOK6Qy_vZ8bFr7CStJ',cUPMDTk:"/api/users?__cf_chl_tk=BofGbh6hUWw.dOIAsHNLCZfDDFK7vi5D9q.6qjVyP2w-1774335233-1.0.1.1-zMvuS5ToBJb23DqqPWyLM.EJ8vyLXXrCU7T4r80yi08",cFPWv: 'g',cITimeS: '1774335233',cTplC:0,cTplO:0,cTplV:5,cTplB: '0',fa:"/api/users?__cf_chl_f_tk=BofGbh6hUWw.dOIAsHNLCZfDDFK7vi5D9q.6qjVyP2w-1774335233-1.0.1.1-zMvuS5ToBJb23DqqPWyLM.EJ8vyLXXrCU7T4r80yi08",md: '3W9Hao0UE6gadiJDpchmGP3g6yEM1LvmOrtizyfS9hQ-1774335233-1.2.1.1-8JbgpKy7.iV3oE3ZNVX_xvxepDLTJTIAXuG3bfmbzYsvhMWsexKeB4B8LDpKockvSC2uU.6s9bFUjxlavdTEJtqeWlArxi6nPtFjuUJgxIqsLhXVuYsnPPAjWcZo1M1Rf2detVccdGwZhzFBhWdv8V1GyfMI4mzptSZSqLTnPo7vFgiauZrjuMqfb5gO6cxGVnu0boX.0brk4YsT0zMi2CVejkkWlcCnHSLIczCvJsSHp.Iie.K8b7uWdUlF.IqVwpSH6UyVM0exZuwbPn7lOOHNdrTrdRZMw7JlwfRVOKTMvqw9vqYJkB.GJXDX57FlAW207KHHzZIyDSVKt7MU_5TOeIvqzGAjkMhDqU50SM56A.C_gZDgBmLpGOX6hzi04o98UaiaojfjOnYgtfycP_eSgPVblEAP41bgYQywz8v7DjU2eQvcW4BUw6S4z_F8QZLT77cAX2svh0WM.iKAH9eSQraFM4DIObDlVbRfcfSZRMqFQM0U1BlT6MM8pn9JPjfqXTv3lvg0bPkHl6coP1HGcUgvMDibkFWGeRLUXg1w1Rtx9PNZVqLYvGHbuHKvXtoUyKEdYEmDBQ54s_jUYgqEeeDm9V2HXqbBLchq90l3b.R86J_gF4.VLaxgE7uTJFrne3hbujckO8JLLT94bvUAlJ.hPfLSPuk9aitrhbRXiQcyTf4j5yT5A6cwBTchW0afKjZ6.My9QTNqNcRlH7pIVDzo._ys.WceIikA4WzyZW1MIfm0r2uG6agWCBWBRRRATnAuX.QuAmARJtxM6zrsIqXsXvH8l9fvEWOF2tHQViTO81djcOv1qCbkQrZR2Aj_AF9_VHHwe0g1xQfZKhGKOpPnnXNlJDhKPFufUum7XROpEU7KkgoA9DgUcrZxmto9Mf4MVYgffUAUDHFXtUT5qlFd3jb6Dpau3DjUHVY',mdrd: 'O_hZsFsqGrC0VsVWbhjVkaSs6ZoXQLg2oAxIlZI0yfQ-1774335233-1.2.1.1-mCJJwO0cOtQ9j0LexscgPtpTD1bDOpSjd5HXNjlgTQY_rKXPYYlhuMpFxkYNjZPmU2A22LPpD3FYp1SEQKWehvhFzh2onLvxOkb3o0jF.bWGaOpj18fpykJAxmxFspDp8ufLPZ62fTA5OhKsXgj0ZHr73.BqKk0tFc47CIo1je3Jansz63ESuajX41VAr3IzbGFVluFXHkRJUgjBlUuUpYIm9ao1MLnrSq0QE1W8IfzGXhmCtYLOxwc1IFZhILLQW.e5zOyM7l6fHv2xke76W4JSToyzlFI0gg_Sa.dNemc25ed_7O3GzDOMiiQGoQDdnz1pNrX8SL4FR6fXLNCib_byxFl9eurcclZZa._uIp8VpWQx9ms2C074lw_udQHBnBIf9.XASc3bvbdep1XlCbPPYjFojvqelmLWN1AnE.5tu54yuGAtn5KnmhnS3h1z',};var a = document.createElement('script');a.src = '/cdn-cgi/challenge-platform/h/g/orchestrate/chl_page/v1?ray=9e13c2ec0a9ed4a0';window._cf_chl_opt.cOgUHash = location.hash === '' &amp;&amp; location.href.indexOf('#') !== -1 ? '#' : location.hash;window._cf_chl_opt.cOgUQuery = location.search === '' &amp;&amp; location.href.slice(0, location.href.length - window._cf_chl_opt.cOgUHash.length).indexOf('?') !== -1 ? '?' : location.search;if (window.history &amp;&amp; window.history.replaceState) {var ogU = location.pathname + window._cf_chl_opt.cOgUQuery + window._cf_chl_opt.cOgUHash;history.replaceState(null, null,"/api/users?__cf_chl_rt_tk=BofGbh6hUWw.dOIAsHNLCZfDDFK7vi5D9q.6qjVyP2w-1774335233-1.0.1.1-zMvuS5ToBJb23DqqPWyLM.EJ8vyLXXrCU7T4r80yi08"+ window._cf_chl_opt.cOgUHash);a.onload = function() {history.replaceState(null, null, ogU);}}document.getElementsByTagName('head')[0].appendChild(a);}());</script>
  </body>
</html>
]]></system-out>
  </testcase>
  <testcase name="testGetCreatedUser" classname="com.testing.assignment.tests.CrudTests" time="0.0">
    <skipped message="Method com.testing.assignment.tests.CrudTests.testGetCreatedUser() on instance com.testing.assignment.tests.CrudTests@4ed38226 depends on not successfully finished methods &#10;[com.testing.assignment.tests.CrudTests.testCreateUser() on instance com.testing.assignment.tests.CrudTests@4ed38226]"/>
  </testcase>
  <testcase name="testUpdateUserPut" classname="com.testing.assignment.tests.CrudTests" time="0.144">
    <failure message="1 expectation failed.&#10;Expected content-type &quot;JSON&quot; doesn&apos;t match actual content-type &quot;text/html; charset=UTF-8&quot;.&#10;" type="java.lang.AssertionError"><![CDATA[java.lang.AssertionError: 
1 expectation failed.
Expected content-type "JSON" doesn't match actual content-type "text/html; charset=UTF-8".

	at java.base/jdk.internal.reflect.NativeConstructorAccessorImpl.newInstance0(Native Method)
	at java.base/jdk.internal.reflect.NativeConstructorAccessorImpl.newInstance(NativeConstructorAccessorImpl.java:77)
	at java.base/jdk.internal.reflect.DelegatingConstructorAccessorImpl.newInstance(DelegatingConstructorAccessorImpl.java:45)
	at java.base/java.lang.reflect.Constructor.newInstanceWithCaller(Constructor.java:499)
	at java.base/java.lang.reflect.Constructor.newInstance(Constructor.java:480)
	at org.codehaus.groovy.reflection.CachedConstructor.invoke(CachedConstructor.java:73)
	at org.codehaus.groovy.runtime.callsite.ConstructorSite$ConstructorSiteNoUnwrapNoCoerce.callConstructor(ConstructorSite.java:108)
	at org.codehaus.groovy.runtime.callsite.AbstractCallSite.callConstructor(AbstractCallSite.java:277)
	at io.restassured.internal.ResponseSpecificationImpl$HamcrestAssertionClosure.validate(ResponseSpecificationImpl.groovy:512)
	at io.restassured.internal.ResponseSpecificationImpl$HamcrestAssertionClosure$validate$1.call(Unknown Source)
	at io.restassured.internal.ResponseSpecificationImpl.validate(ResponseSpecificationImpl.groovy:101)
	at io.restassured.internal.ValidatableResponseOptionsImpl.spec(ValidatableResponseOptionsImpl.java:288)
	at com.testing.assignment.tests.CrudTests.testUpdateUserPut(CrudTests.java:73)
	at java.base/jdk.internal.reflect.NativeMethodAccessorImpl.invoke0(Native Method)
	at java.base/jdk.internal.reflect.NativeMethodAccessorImpl.invoke(NativeMethodAccessorImpl.java:77)
	at java.base/jdk.internal.reflect.DelegatingMethodAccessorImpl.invoke(DelegatingMethodAccessorImpl.java:43)
	at java.base/java.lang.reflect.Method.invoke(Method.java:568)
	at org.testng.internal.invokers.MethodInvocationHelper.invokeMethod(MethodInvocationHelper.java:139)
	at org.testng.internal.invokers.TestInvoker.invokeMethod(TestInvoker.java:664)
	at org.testng.internal.invokers.TestInvoker.invokeTestMethod(TestInvoker.java:228)
	at org.testng.internal.invokers.MethodRunner.runInSequence(MethodRunner.java:63)
	at org.testng.internal.invokers.TestInvoker$MethodInvocationAgent.invoke(TestInvoker.java:961)
	at org.testng.internal.invokers.TestInvoker.invokeTestMethods(TestInvoker.java:201)
	at org.testng.internal.invokers.TestMethodWorker.invokeTestMethods(TestMethodWorker.java:148)
	at org.testng.internal.invokers.TestMethodWorker.run(TestMethodWorker.java:128)
	at java.base/java.util.ArrayList.forEach(ArrayList.java:1511)
	at org.testng.TestRunner.privateRun(TestRunner.java:819)
	at org.testng.TestRunner.run(TestRunner.java:619)
	at org.testng.SuiteRunner.runTest(SuiteRunner.java:443)
	at org.testng.SuiteRunner.runSequentially(SuiteRunner.java:437)
	at org.testng.SuiteRunner.privateRun(SuiteRunner.java:397)
	at org.testng.SuiteRunner.run(SuiteRunner.java:336)
	at org.testng.SuiteRunnerWorker.runSuite(SuiteRunnerWorker.java:52)
	at org.testng.SuiteRunnerWorker.run(SuiteRunnerWorker.java:95)
	at org.testng.TestNG.runSuitesSequentially(TestNG.java:1301)
	at org.testng.TestNG.runSuitesLocally(TestNG.java:1228)
	at org.testng.TestNG.runSuites(TestNG.java:1134)
	at org.testng.TestNG.run(TestNG.java:1101)
	at org.apache.maven.surefire.testng.TestNGExecutor.run(TestNGExecutor.java:308)
	at org.apache.maven.surefire.testng.TestNGXmlTestSuite.execute(TestNGXmlTestSuite.java:71)
	at org.apache.maven.surefire.testng.TestNGProvider.invoke(TestNGProvider.java:113)
	at org.apache.maven.surefire.booter.ForkedBooter.runSuitesInProcess(ForkedBooter.java:385)
	at org.apache.maven.surefire.booter.ForkedBooter.execute(ForkedBooter.java:162)
	at org.apache.maven.surefire.booter.ForkedBooter.run(ForkedBooter.java:507)
	at org.apache.maven.surefire.booter.ForkedBooter.main(ForkedBooter.java:495)
]]></failure>
    <system-out><![CDATA[Request method:	PUT
Request URI:	https://reqres.in/api/users/2
Proxy:			<none>
Request params:	<none>
Query params:	<none>
Form params:	<none>
Path params:	<none>
Headers:		Accept=*/*
				Content-Type=application/json
Cookies:		<none>
Multiparts:		<none>
Body:
{
    "name": "Thong",
    "job": "Senior QA"
}
HTTP/1.1 403 Forbidden
Date: Tue, 24 Mar 2026 06:53:54 GMT
Content-Type: text/html; charset=UTF-8
Transfer-Encoding: chunked
Connection: close
Accept-Ch: Sec-CH-UA-Bitness, Sec-CH-UA-Arch, Sec-CH-UA-Full-Version, Sec-CH-UA-Mobile, Sec-CH-UA-Model, Sec-CH-UA-Platform-Version, Sec-CH-UA-Full-Version-List, Sec-CH-UA-Platform, Sec-CH-UA, UA-Bitness, UA-Arch, UA-Full-Version, UA-Mobile, UA-Model, UA-Platform-Version, UA-Platform, UA
Cf-Mitigated: challenge
Critical-Ch: Sec-CH-UA-Bitness, Sec-CH-UA-Arch, Sec-CH-UA-Full-Version, Sec-CH-UA-Mobile, Sec-CH-UA-Model, Sec-CH-UA-Platform-Version, Sec-CH-UA-Full-Version-List, Sec-CH-UA-Platform, Sec-CH-UA, UA-Bitness, UA-Arch, UA-Full-Version, UA-Mobile, UA-Model, UA-Platform-Version, UA-Platform, UA
Cross-Origin-Embedder-Policy: require-corp
Cross-Origin-Opener-Policy: same-origin
Cross-Origin-Resource-Policy: same-origin
Origin-Agent-Cluster: ?1
Permissions-Policy: accelerometer=(),browsing-topics=(),camera=(),clipboard-read=(),clipboard-write=(),geolocation=(),gyroscope=(),hid=(),interest-cohort=(),magnetometer=(),microphone=(),payment=(),publickey-credentials-get=(),screen-wake-lock=(),serial=(),sync-xhr=(),usb=()
Referrer-Policy: same-origin
Server-Timing: chlray;desc="9e13c2ed0aa5fdc2"
X-Content-Type-Options: nosniff
X-Frame-Options: SAMEORIGIN
Report-To: {"group":"cf-nel","max_age":604800,"endpoints":[{"url":"https://a.nel.cloudflare.com/report/v4?s=hhd1PcboLuKoWjUndCrppCrQqhgSr4Qz7ar80OV667rowS1atvAB5t2j2C5aDW4U8DVMX54RYq3sMEwdwAE%2FWcwXQ1JUGNEM"}]}
Nel: {"report_to":"cf-nel","success_fraction":0.0,"max_age":604800}
Content-Encoding: gzip
Server: cloudflare
CF-RAY: 9e13c2ed0aa5fdc2-SIN

<html lang="en-US">
  <head>
    <title>Just a moment...</title>
    <meta http-equiv="Content-Type" content="text/html; charset=UTF-8"/>
    <meta http-equiv="X-UA-Compatible" content="IE=Edge"/>
    <meta name="robots" content="noindex,nofollow"/>
    <meta name="viewport" content="width=device-width,initial-scale=1"/>
    <style>*{box-sizing:border-box;margin:0;padding:0}html{line-height:1.15;-webkit-text-size-adjust:100%;color:#313131;font-family:system-ui,-apple-system,BlinkMacSystemFont,"Segoe UI",Roboto,"Helvetica Neue",Arial,"Noto Sans",sans-serif,"Apple Color Emoji","Segoe UI Emoji","Segoe UI Symbol","Noto Color Emoji"}body{display:flex;flex-direction:column;height:100vh;min-height:100vh}.main-content{margin:8rem auto;padding-left:1.5rem;max-width:60rem}@media (width &lt;= 720px){.main-content{margin-top:4rem}}#challenge-error-text{background-image:url("data:image/svg+xml;base64,PHN2ZyB4bWxucz0iaHR0cDovL3d3dy53My5vcmcvMjAwMC9zdmciIHdpZHRoPSIzMiIgaGVpZ2h0PSIzMiIgZmlsbD0ibm9uZSI+PHBhdGggZmlsbD0iI0IyMEYwMyIgZD0iTTE2IDNhMTMgMTMgMCAxIDAgMTMgMTNBMTMuMDE1IDEzLjAxNSAwIDAgMCAxNiAzbTAgMjRhMTEgMTEgMCAxIDEgMTEtMTEgMTEuMDEgMTEuMDEgMCAwIDEtMTEgMTEiLz48cGF0aCBmaWxsPSIjQjIwRjAzIiBkPSJNMTcuMDM4IDE4LjYxNUgxNC44N0wxNC41NjMgOS41aDIuNzgzem0tMS4wODQgMS40MjdxLjY2IDAgMS4wNTcuMzg4LjQwNy4zODkuNDA3Ljk5NCAwIC41OTYtLjQwNy45ODQtLjM5Ny4zOS0xLjA1Ny4zODktLjY1IDAtMS4wNTYtLjM4OS0uMzk4LS4zODktLjM5OC0uOTg0IDAtLjU5Ny4zOTgtLjk4NS40MDYtLjM5NyAxLjA1Ni0uMzk3Ii8+PC9zdmc+");background-repeat:no-repeat;background-size:contain;padding-left:34px}</style>
    <meta http-equiv="refresh" content="360"/>
  </head>
  <body>
    <div class="main-wrapper" role="main">
      <div class="main-content">
        <noscript>
          <div class="h2">
            <span id="challenge-error-text">Enable JavaScript and cookies to continue</span>
          </div>
        </noscript>
      </div>
    </div>
    <script>(function(){window._cf_chl_opt = {cvId: '3',cZone: 'reqres.in',cType: 'managed',cRay: '9e13c2ed0aa5fdc2',cH: 'UqgyT5xelf9oYP9wBXnRsHszdD3S0_OnE1BguWf_09k-1774335234-1.2.1.1-s7.piXaQpG85cbD3UFFt2VDDYRP0hKJYcu7mAenEtkV1vXFXn5_fFf75sCbGEOA.',cUPMDTk:"/api/users/2?__cf_chl_tk=55Xq8A.gl2_tdErZR6vRWmO3w_W11LP21mHOHBlShxE-1774335234-1.0.1.1-YUeO4BDaZGBJKI8dM6CSXouVtydDNBN.M7xQJzJySXs",cFPWv: 'g',cITimeS: '1774335234',cTplC:0,cTplO:0,cTplV:5,cTplB: '0',fa:"/api/users/2?__cf_chl_f_tk=55Xq8A.gl2_tdErZR6vRWmO3w_W11LP21mHOHBlShxE-1774335234-1.0.1.1-YUeO4BDaZGBJKI8dM6CSXouVtydDNBN.M7xQJzJySXs",md: 'MKnaOpLHmPxclozj1SW7o4ow0B4dBXFxPEGYWsOLuOc-1774335234-1.2.1.1-gbmY9cIUwGBsaUZSw6k1LDTXvopkYe_xpg5WDERVw0pCkQdTzn9q3zPOLNLb.d4QNfzeFOD6m8P4EqFVnDQM1u.hPiYQZ.V3ndpKDTM2mCFqDBwwjgP6B0uHooHUfQZpw7WjzkVsqY.NcIag6otiM4YYtn1iGGG.HzVBXNKh1.bz2Ax4ofcq3nXgBG6g4W3XEdB00hqoGWVDvz54rwljVkDOmJL5.j_8.gaa9ZvSfc_duMjLGVHOgAaEftlBhtk8upZAHaWVZsjKdYhsrVxgpEtQEelIKAr__Rjw.bcXOXkoRMUy_t8azhf97NqRkuFabVQk_.zRlZdmkvM1NP4P.gbcZqdLnP.la_TPftg4dNwyQVStn2eMQ6BPBB.icEZsd.ewgj30e07i4VA4WIeudJ46enpjzr3iqCcm0BBSOUCXR0_QI9XBZUryHvQ5hkDDepfEYYRGzMwE9uRjb7U6mCFQm68c0MIxV.4XWmikS0Git5GLztxmeH1c2SVtZZCLUxN_P.Sc11nBh12IoNs75Yt3DypLu26I9aje8XYGUlTsuLxxPwFf_UufryrEKqMy1dDghER69NW38r9N5UtAgBODqtU4gGZPzUHTCSF9oZ80ogVhZJwAnIxPsaXggDNng5mkEmzG5ps7wj5U7Zle80ohRii0BzDdOmg.SQLCixEvSxk.jHZUTR.Jh6r4ysidBMDI7CkqJfEYYTKvZL3EsbMjz0QHROmPbeWJtcF.pnlXOFhG5UjAtN3Iif.uVvIeprfNx2LFeZYdpivUasy1qT9RUAtOYWHGQVePVYeqGP0t5wVpaAzYab2r9iZHUC9wZ77ACMFLqACrjbRBhN8AZg1M3W14dXVGbMBNoOpwEKHSRgbsVLowjKPDQLHIDUuHJ9J.tjqPkJsu4tDGNFBirM2E1RA6GlIaiGnl5TDFITQ',mdrd: 'oiKRaLq_2eLJARoIZ_GZoYuqJnoPzkgCQ2bz_VKIN78-1774335234-1.2.1.1-wXt16qI3ydXnkokF5mc_heP.dcy9QPuCMA3XBixJMW_t0lVigRU_TQjbJHSsgcqPjLAffYVdFxllfXmY7XY40rCjJRyiT0Xbf_KPvtycL7.emH1b6WRrXKng16COqYcvc8kMm9u3xLqSo5KVShiWO1gCRbmAedk5H_VPT1wTcZK.Mw5.8MAtAhoSeFBw2IKKADNAv0ED3JjxxKRnsqWNrtxycNCgJtEFZVl3n_GmsqTNn39coTnMT9QW6XToAV2l9Lfa8vRAet25XO5JkfGp6iYjRUuAB4YQGW4COhFHBj5ygiO1Nuzs.anI8iEdjk1q7uvVh4wlKIYTEudrOGcv9WHC2a4WFHMO9s.FV9Q7R3ngM.CEccy8uNqUrQ3iuJxAn3s7X7YpkNTbn2PL3LVv6Di368VVhu2z2GPM2aoTIrlK1MvCHmkAwEfTtEJOIm0e',};var a = document.createElement('script');a.src = '/cdn-cgi/challenge-platform/h/g/orchestrate/chl_page/v1?ray=9e13c2ed0aa5fdc2';window._cf_chl_opt.cOgUHash = location.hash === '' &amp;&amp; location.href.indexOf('#') !== -1 ? '#' : location.hash;window._cf_chl_opt.cOgUQuery = location.search === '' &amp;&amp; location.href.slice(0, location.href.length - window._cf_chl_opt.cOgUHash.length).indexOf('?') !== -1 ? '?' : location.search;if (window.history &amp;&amp; window.history.replaceState) {var ogU = location.pathname + window._cf_chl_opt.cOgUQuery + window._cf_chl_opt.cOgUHash;history.replaceState(null, null,"/api/users/2?__cf_chl_rt_tk=55Xq8A.gl2_tdErZR6vRWmO3w_W11LP21mHOHBlShxE-1774335234-1.0.1.1-YUeO4BDaZGBJKI8dM6CSXouVtydDNBN.M7xQJzJySXs"+ window._cf_chl_opt.cOgUHash);a.onload = function() {history.replaceState(null, null, ogU);}}document.getElementsByTagName('head')[0].appendChild(a);}());</script>
  </body>
</html>
]]></system-out>
  </testcase>
  <testcase name="testUpdateUserPatch" classname="com.testing.assignment.tests.CrudTests" time="0.138">
    <failure message="1 expectation failed.&#10;Expected content-type &quot;JSON&quot; doesn&apos;t match actual content-type &quot;text/html; charset=UTF-8&quot;.&#10;" type="java.lang.AssertionError"><![CDATA[java.lang.AssertionError: 
1 expectation failed.
Expected content-type "JSON" doesn't match actual content-type "text/html; charset=UTF-8".

	at java.base/jdk.internal.reflect.NativeConstructorAccessorImpl.newInstance0(Native Method)
	at java.base/jdk.internal.reflect.NativeConstructorAccessorImpl.newInstance(NativeConstructorAccessorImpl.java:77)
	at java.base/jdk.internal.reflect.DelegatingConstructorAccessorImpl.newInstance(DelegatingConstructorAccessorImpl.java:45)
	at java.base/java.lang.reflect.Constructor.newInstanceWithCaller(Constructor.java:499)
	at java.base/java.lang.reflect.Constructor.newInstance(Constructor.java:480)
	at org.codehaus.groovy.reflection.CachedConstructor.invoke(CachedConstructor.java:73)
	at org.codehaus.groovy.runtime.callsite.ConstructorSite$ConstructorSiteNoUnwrapNoCoerce.callConstructor(ConstructorSite.java:108)
	at org.codehaus.groovy.runtime.callsite.AbstractCallSite.callConstructor(AbstractCallSite.java:277)
	at io.restassured.internal.ResponseSpecificationImpl$HamcrestAssertionClosure.validate(ResponseSpecificationImpl.groovy:512)
	at io.restassured.internal.ResponseSpecificationImpl$HamcrestAssertionClosure$validate$1.call(Unknown Source)
	at io.restassured.internal.ResponseSpecificationImpl.validate(ResponseSpecificationImpl.groovy:101)
	at io.restassured.internal.ValidatableResponseOptionsImpl.spec(ValidatableResponseOptionsImpl.java:288)
	at com.testing.assignment.tests.CrudTests.testUpdateUserPatch(CrudTests.java:93)
	at java.base/jdk.internal.reflect.NativeMethodAccessorImpl.invoke0(Native Method)
	at java.base/jdk.internal.reflect.NativeMethodAccessorImpl.invoke(NativeMethodAccessorImpl.java:77)
	at java.base/jdk.internal.reflect.DelegatingMethodAccessorImpl.invoke(DelegatingMethodAccessorImpl.java:43)
	at java.base/java.lang.reflect.Method.invoke(Method.java:568)
	at org.testng.internal.invokers.MethodInvocationHelper.invokeMethod(MethodInvocationHelper.java:139)
	at org.testng.internal.invokers.TestInvoker.invokeMethod(TestInvoker.java:664)
	at org.testng.internal.invokers.TestInvoker.invokeTestMethod(TestInvoker.java:228)
	at org.testng.internal.invokers.MethodRunner.runInSequence(MethodRunner.java:63)
	at org.testng.internal.invokers.TestInvoker$MethodInvocationAgent.invoke(TestInvoker.java:961)
	at org.testng.internal.invokers.TestInvoker.invokeTestMethods(TestInvoker.java:201)
	at org.testng.internal.invokers.TestMethodWorker.invokeTestMethods(TestMethodWorker.java:148)
	at org.testng.internal.invokers.TestMethodWorker.run(TestMethodWorker.java:128)
	at java.base/java.util.ArrayList.forEach(ArrayList.java:1511)
	at org.testng.TestRunner.privateRun(TestRunner.java:819)
	at org.testng.TestRunner.run(TestRunner.java:619)
	at org.testng.SuiteRunner.runTest(SuiteRunner.java:443)
	at org.testng.SuiteRunner.runSequentially(SuiteRunner.java:437)
	at org.testng.SuiteRunner.privateRun(SuiteRunner.java:397)
	at org.testng.SuiteRunner.run(SuiteRunner.java:336)
	at org.testng.SuiteRunnerWorker.runSuite(SuiteRunnerWorker.java:52)
	at org.testng.SuiteRunnerWorker.run(SuiteRunnerWorker.java:95)
	at org.testng.TestNG.runSuitesSequentially(TestNG.java:1301)
	at org.testng.TestNG.runSuitesLocally(TestNG.java:1228)
	at org.testng.TestNG.runSuites(TestNG.java:1134)
	at org.testng.TestNG.run(TestNG.java:1101)
	at org.apache.maven.surefire.testng.TestNGExecutor.run(TestNGExecutor.java:308)
	at org.apache.maven.surefire.testng.TestNGXmlTestSuite.execute(TestNGXmlTestSuite.java:71)
	at org.apache.maven.surefire.testng.TestNGProvider.invoke(TestNGProvider.java:113)
	at org.apache.maven.surefire.booter.ForkedBooter.runSuitesInProcess(ForkedBooter.java:385)
	at org.apache.maven.surefire.booter.ForkedBooter.execute(ForkedBooter.java:162)
	at org.apache.maven.surefire.booter.ForkedBooter.run(ForkedBooter.java:507)
	at org.apache.maven.surefire.booter.ForkedBooter.main(ForkedBooter.java:495)
]]></failure>
    <system-out><![CDATA[Request method:	PATCH
Request URI:	https://reqres.in/api/users/2
Proxy:			<none>
Request params:	<none>
Query params:	<none>
Form params:	<none>
Path params:	<none>
Headers:		Accept=*/*
				Content-Type=application/json
Cookies:		<none>
Multiparts:		<none>
Body:
{
    "job": "Lead QA"
}
HTTP/1.1 403 Forbidden
Date: Tue, 24 Mar 2026 06:53:54 GMT
Content-Type: text/html; charset=UTF-8
Transfer-Encoding: chunked
Connection: close
Accept-Ch: Sec-CH-UA-Bitness, Sec-CH-UA-Arch, Sec-CH-UA-Full-Version, Sec-CH-UA-Mobile, Sec-CH-UA-Model, Sec-CH-UA-Platform-Version, Sec-CH-UA-Full-Version-List, Sec-CH-UA-Platform, Sec-CH-UA, UA-Bitness, UA-Arch, UA-Full-Version, UA-Mobile, UA-Model, UA-Platform-Version, UA-Platform, UA
Cf-Mitigated: challenge
Critical-Ch: Sec-CH-UA-Bitness, Sec-CH-UA-Arch, Sec-CH-UA-Full-Version, Sec-CH-UA-Mobile, Sec-CH-UA-Model, Sec-CH-UA-Platform-Version, Sec-CH-UA-Full-Version-List, Sec-CH-UA-Platform, Sec-CH-UA, UA-Bitness, UA-Arch, UA-Full-Version, UA-Mobile, UA-Model, UA-Platform-Version, UA-Platform, UA
Cross-Origin-Embedder-Policy: require-corp
Cross-Origin-Opener-Policy: same-origin
Cross-Origin-Resource-Policy: same-origin
Origin-Agent-Cluster: ?1
Permissions-Policy: accelerometer=(),browsing-topics=(),camera=(),clipboard-read=(),clipboard-write=(),geolocation=(),gyroscope=(),hid=(),interest-cohort=(),magnetometer=(),microphone=(),payment=(),publickey-credentials-get=(),screen-wake-lock=(),serial=(),sync-xhr=(),usb=()
Referrer-Policy: same-origin
Server-Timing: chlray;desc="9e13c2ee0f98394b"
X-Content-Type-Options: nosniff
X-Frame-Options: SAMEORIGIN
Report-To: {"group":"cf-nel","max_age":604800,"endpoints":[{"url":"https://a.nel.cloudflare.com/report/v4?s=1vQhoY9WYv7QQpGqlNjtaVaufvZP9FIV3PCdgq9qfm%2F5sJw7Q0qaMYe9%2FnREuPdygPXNj8WL%2BNClNenugQOAiOnpv2gKt1wB"}]}
Nel: {"report_to":"cf-nel","success_fraction":0.0,"max_age":604800}
Content-Encoding: gzip
Server: cloudflare
CF-RAY: 9e13c2ee0f98394b-SIN

<html lang="en-US">
  <head>
    <title>Just a moment...</title>
    <meta http-equiv="Content-Type" content="text/html; charset=UTF-8"/>
    <meta http-equiv="X-UA-Compatible" content="IE=Edge"/>
    <meta name="robots" content="noindex,nofollow"/>
    <meta name="viewport" content="width=device-width,initial-scale=1"/>
    <style>*{box-sizing:border-box;margin:0;padding:0}html{line-height:1.15;-webkit-text-size-adjust:100%;color:#313131;font-family:system-ui,-apple-system,BlinkMacSystemFont,"Segoe UI",Roboto,"Helvetica Neue",Arial,"Noto Sans",sans-serif,"Apple Color Emoji","Segoe UI Emoji","Segoe UI Symbol","Noto Color Emoji"}body{display:flex;flex-direction:column;height:100vh;min-height:100vh}.main-content{margin:8rem auto;padding-left:1.5rem;max-width:60rem}@media (width &lt;= 720px){.main-content{margin-top:4rem}}#challenge-error-text{background-image:url("data:image/svg+xml;base64,PHN2ZyB4bWxucz0iaHR0cDovL3d3dy53My5vcmcvMjAwMC9zdmciIHdpZHRoPSIzMiIgaGVpZ2h0PSIzMiIgZmlsbD0ibm9uZSI+PHBhdGggZmlsbD0iI0IyMEYwMyIgZD0iTTE2IDNhMTMgMTMgMCAxIDAgMTMgMTNBMTMuMDE1IDEzLjAxNSAwIDAgMCAxNiAzbTAgMjRhMTEgMTEgMCAxIDEgMTEtMTEgMTEuMDEgMTEuMDEgMCAwIDEtMTEgMTEiLz48cGF0aCBmaWxsPSIjQjIwRjAzIiBkPSJNMTcuMDM4IDE4LjYxNUgxNC44N0wxNC41NjMgOS41aDIuNzgzem0tMS4wODQgMS40MjdxLjY2IDAgMS4wNTcuMzg4LjQwNy4zODkuNDA3Ljk5NCAwIC41OTYtLjQwNy45ODQtLjM5Ny4zOS0xLjA1Ny4zODktLjY1IDAtMS4wNTYtLjM4OS0uMzk4LS4zODktLjM5OC0uOTg0IDAtLjU5Ny4zOTgtLjk4NS40MDYtLjM5NyAxLjA1Ni0uMzk3Ii8+PC9zdmc+");background-repeat:no-repeat;background-size:contain;padding-left:34px}</style>
    <meta http-equiv="refresh" content="360"/>
  </head>
  <body>
    <div class="main-wrapper" role="main">
      <div class="main-content">
        <noscript>
          <div class="h2">
            <span id="challenge-error-text">Enable JavaScript and cookies to continue</span>
          </div>
        </noscript>
      </div>
    </div>
    <script>(function(){window._cf_chl_opt = {cvId: '3',cZone: 'reqres.in',cType: 'managed',cRay: '9e13c2ee0f98394b',cH: 'IpVstkESwkASMnA651TN_T2n8sj.b6bDzSIoH1zsoQw-1774335234-1.2.1.1-o9lP9AHUuPzuT5AYyuvrLDu10V0TNKdwjrI7oIBrao4N3KVEjC11xFDbfJhxEJFx',cUPMDTk:"/api/users/2?__cf_chl_tk=8_hf90OU_CAtC0LQO6fVCroAZCa1xKBpgssfPAZ9ACU-1774335234-1.0.1.1-GkNjirqYhmOqxoDv9CQrqVCxsUXFfpMPKqI3IE_fY5k",cFPWv: 'g',cITimeS: '1774335234',cTplC:0,cTplO:0,cTplV:5,cTplB: '0',fa:"/api/users/2?__cf_chl_f_tk=8_hf90OU_CAtC0LQO6fVCroAZCa1xKBpgssfPAZ9ACU-1774335234-1.0.1.1-GkNjirqYhmOqxoDv9CQrqVCxsUXFfpMPKqI3IE_fY5k",md: 'RDWrtEXw7zUGiDcUYyCgkD2ExX801MvQ9_FbF713sgo-1774335234-1.2.1.1-H7COHRCunk0N9rnuIep5Au3SrNaRHhLUqLCrWXYEiATOwvZJ1N_yWUS6Fqd4k3vRM755FL0aF67IZj4UmXv.YANvJtXSjEBGtAoHXZXv8g7B.Em.eG7YHEXPOk8JLwDkQSVBuyRy_FLdnb7GtUnv6NEuifWc4SD_H1x__a4h37bTWVrRweDB9vV0xlAgVXkoVNRLhCz.HPZ9cmMo1DPGmF.6QgRWIOpDPH3JrdpicxTGpU3JK7S.IhMuIWG4kDBWwAOwt82M_.cyhC_GUF5IIgHx9JeXCC9kFxlAo_6K_qkOJVKf8Znok.TZgldre1cbWCCGlft.UJ.2bWqIOeLAmADYgBAAggjP6wCUBL3bHFMMuleJJvdJ2.Ocapl1UUgq80hI0yyPMcYMxQGSE8IJlMVbgX._1k.GVs.IUqKgK_r1pap9E7qBoE8y_SPgIKyPZEbTWSicZWHIRsm4g92n9_bkKUD21aSM2DB5jLIoHUGVM_.vjrPuKpIUPF6sQyb09OjEruT.URMC3iZlEfZqk4N_uvjpgbdf3R_GUhxiDvZouT5WDPvFpNeoW1YV7o7T9pYRhjvMTs77ii4vGWrcqdPSRzL07s4dORURRXJ0YsuzIFSQr8c2wy887ysd1g2yvFFhpwWh7e3Q_Cbs67FuFfKd1lPsRTrSbiTd2wFWBksLDaGR0EMfKeUdmucASU2_v0npSKzXkIEzzvJ271cZeGga2Vh2tA.SC6YHsnZXFV9dcy7qHvcXA1qG2TnGxHwO_E5OWyPFu2kvJyNlmFE4hzBg7yl6noCJalQtpG5dL8dwbeNf6Tep43YPEj5cEXUotGEc1fq942CEwIdsM7JpF2qAdBWetXqpu6e2n65V4wTzSX2ONP3RKz7h3BPZuHBRXwOsLqOHSh4MdcX7XOuP4DMjzFLKxOYzoTUc38Fkf.k',mdrd: 'BmI1H4Ezx8q9kAJhjM2b4keXJ9gVxpt0SlwAZoJtu5M-1774335234-1.2.1.1-8kfHSC0USctua8OVcfjr9Nof05xQWaWtMGPRDX4XfjCc8Qxe93I0YPN.lx1mgOSu9.43VqDyb0KlZCV1tzsAqWOIk3mTuGlHJ1KQTJsfEe4d7pJ3osdViSNBueVUJUCnc9SYzn_0qNMNHbFHi4MwjO835P2l8EpZq5lu45BSWI5F5wyGLaxC90D6sIGlepv06wIyLAKUyCAyQRGaAv46C1VOpCAyYPPofsxZXhWnXfWjcfWb6kzrJCgxC6CKGrn1i.CWSTjl1XcmdEouEPmTwR8FRqOuuuBu1kTjZa71PoqmAzjvhwz0wg_wxFTXmTYURj7fGhcseB8YCqNJlN.6npi3xwpqpV0LhM6iztmegcTaXrI0vqBKIZQ2Ku6lF5CiKzF4ITLLvCxmxGL5APsQMF023XhGv2oHSujW5nBfd6k',};var a = document.createElement('script');a.src = '/cdn-cgi/challenge-platform/h/g/orchestrate/chl_page/v1?ray=9e13c2ee0f98394b';window._cf_chl_opt.cOgUHash = location.hash === '' &amp;&amp; location.href.indexOf('#') !== -1 ? '#' : location.hash;window._cf_chl_opt.cOgUQuery = location.search === '' &amp;&amp; location.href.slice(0, location.href.length - window._cf_chl_opt.cOgUHash.length).indexOf('?') !== -1 ? '?' : location.search;if (window.history &amp;&amp; window.history.replaceState) {var ogU = location.pathname + window._cf_chl_opt.cOgUQuery + window._cf_chl_opt.cOgUHash;history.replaceState(null, null,"/api/users/2?__cf_chl_rt_tk=8_hf90OU_CAtC0LQO6fVCroAZCa1xKBpgssfPAZ9ACU-1774335234-1.0.1.1-GkNjirqYhmOqxoDv9CQrqVCxsUXFfpMPKqI3IE_fY5k"+ window._cf_chl_opt.cOgUHash);a.onload = function() {history.replaceState(null, null, ogU);}}document.getElementsByTagName('head')[0].appendChild(a);}());</script>
  </body>
</html>
]]></system-out>
  </testcase>
  <testcase name="testDeleteUser" classname="com.testing.assignment.tests.CrudTests" time="0.157">
    <failure message="1 expectation failed.&#10;Expected status code &lt;204&gt; but was &lt;403&gt;.&#10;" type="java.lang.AssertionError"><![CDATA[java.lang.AssertionError: 
1 expectation failed.
Expected status code <204> but was <403>.

	at java.base/jdk.internal.reflect.NativeConstructorAccessorImpl.newInstance0(Native Method)
	at java.base/jdk.internal.reflect.NativeConstructorAccessorImpl.newInstance(NativeConstructorAccessorImpl.java:77)
[...]
    <meta http-equiv="refresh" content="360"/>
  </head>
  <body>
    <div class="main-wrapper" role="main">
      <div class="main-content">
        <noscript>
          <div class="h2">
            <span id="challenge-error-text">Enable JavaScript and cookies to continue</span>
          </div>
        </noscript>
      </div>
    </div>
    <script>(function(){window._cf_chl_opt = {cvId: '3',cZone: 'reqres.in',cType: 'managed',cRay: '9e13c305b8fe5cb5',cH: 'GySidWq3PAV8TTys98D5pfgTB5OcffwPGcQZI2qju0g-1774335238-1.2.1.1-.vDs1Rlogo65DWdofhmkI3i4xX_xkjlPFY1u6zmeirKzNKMrp7IxNWC1UissaJht',cUPMDTk:"\/api\/login?__cf_chl_tk=L3fgYL7_k23gev1LQ3wTbGmShgKqCCoiL3H0nuMp.q4-1774335238-1.0.1.1-lKGT1b0KSX.wI0IxUPdyymIuf.W4j9T9nFh0UuxGLgU",cFPWv: 'g',cITimeS: '1774335238',cTplC:0,cTplO:0,cTplV:5,cTplB: '0',fa:"\/api\/login?__cf_chl_f_tk=L3fgYL7_k23gev1LQ3wTbGmShgKqCCoiL3H0nuMp.q4-1774335238-1.0.1.1-lKGT1b0KSX.wI0IxUPdyymIuf.W4j9T9nFh0UuxGLgU",md: 'mUE0qI9UUltHWGK.BOgNR7pL1LY2a120cahTOsuD.pI-1774335238-1.2.1.1-5mBtYG7dwri_dmMRvYCz2nZY4fJPHv9xpurUrxDI0QuiX64HhfnWbJO0HDGoMZ1WRcsJ8OIqk65HGUvhXZ29JCUiHf5GZuRrDydbhnpZhIFHz.8GTw_8CvpmpsJO.DOA9GsFeYW0CO0iiCjSTIV87w8UrovhjTljRV2B9NcfjhgjopWn5kwZgkLrcou9.52FJBC_UP_vpXQBXdNcbQowgrUODeAx2T4zW3GJ9VYVCfMi0lSqokGw1BnUeNwunnmr87dHmMIXZNeIo3s3hw1Jrk8V_uGWCkSRUd4ahn0KdOfnToV32CgHIyT2cXWm6yh1pc5DaqgLke5987udngivDRUJjt731.ZHDpQOpNDqETdJQtTAp1e2y4.2HM2BjCMfJuZSwWE4Hia4NgTiOflCpr_BhzBqRqou4QAVfzz1Z_XKiuJn57G7aJX6SyalUnBeNfkaml8I8DkRTbN8mHA0bmH2aiTiky7mTN5g3lTg90DIxDw9OAwGEX_6ZyT5i4GghNuzSY4a74xOxxIZ_yI5WSTME9Hb0JLlv4Emi071PDSNkN3BUhXgwZBzIEZtvzsVQw8Bjs5qccwFb3diPQLbA.OeoHxxGlNsLlT8HwJEtTi0zcfmcbLKVqBb9lCN7s1ss7u6hJ_AQfCN74uRRMyNZ9COb212OhODoFsM9w2cFZN.hijC7K863RWnC8akssTJ61VT.HQ3iTanMy1zEzzx5fjk8mUroftphzbA1sDgbLU6oh.pgGCwiOSgy1Kfu5gi59QITCnHW5DM5OJK4tzY_i93EkPokTvtyEgll1bcdBavXwFvGm7ZRnRIN9JEzehoChnYA9s_XN_zE2eAN4mrMFAFeV6mGsCdYuMf76WGmhOni4NzCxwGu1TvYcUyrt8Hj7RPRCfZ1htJM4SzbvcggLdNXjUhFW6xMXbtsbywPp1M9XUWmILCo.Gw3VIiqBtvefwKDcq2MqmU7t1j46eRtXiLQsaWmlPXZe5BNTpYHUQ',mdrd: 'fbuGxKqcyjWYaEDTFhvcCA7UC2nwXGQz3Nk6MVMtdQg-1774335238-1.2.1.1-0Rt5chXagCpK1tdV4H5gDU.4j51_O9KxbJkRw9mcbvrMc.I6KBTvei9uTUu2OPc.XCDN6.w.GANafjCghCsuVUgWsGpGynwJbGiMj4JxYtwxdJqfguDJ759R6RAaOQRNbcsPC.El7QG1QON7JNjTvW5RMDCf2LmyrhZgMPXfR1rRUuR7zNJJwgJACXeU8hfd3xdbqMpt4EjF4xrWtOkdohSEhN3UIQbGfwG0CfZrO8le2.pKpTbU2m_3V.8oPJMJMy91oZV95MWT1qRsA3KyiqqSt7KvmUUdSwaaVLmALiTLc2d7lQ2u2256LPnq8VMAs3DjbqijAt5a3gNnbol8MUQb7LhjOtPn1BH5TscprDB5kR4Rkz_YjlbZMSaOOWoDgsPFCFjZpQiWs8ba0ASiUhiAiVksJ8tJ_VeMifxYRYAee28dxu2sMgtBRobSfyL.y_l2BAX3w4zla_m3UTU.wL7rlSXc5GaN_A5UP9rC57wr47r5Kio1TQDiGTSRxTRkxpIDD0_goFeL.yGHwJlrBuyogOF_wuqTQ4qTsLlaBd0H0M82fltsyUGDHdyDo4U3MjnptdlID5YifOeG4hhg4qY2wjK5BB4dW6hqod469DzlmYO5rGIeO4PkJ86M.EksUugxP3Jw9DUlHeN18wPlr_KgYO49Es5uew9.9imkPSFmi.eASPnNHb95WURzZc8R6U9hOzNpYiwubYGvENV_C_5PQTQtSvmCGNsOO_oJ_J51WmtKyn76Beb.UWiU5kz_wDI4hIm.egdQXWOeVL9v3whzcDZyjtpAoZz_uQpp7vtK3Qa1ehnc7M3oo2FH0r_I4MDhMayPtLz_0SssI3JMPahk3loWj_th5h66IEIaTxkzgdYVD.kAjkH0MJ4kyNSpn2DVIoehBFvfNiQQBr1jr3xm63a8hYcXxy5Z1KmuljF7YKJypvou9dOG9EToNj_99F6N8nyPUDzwMQj.0fI.9cjcNTaxpt8p9dbC.BPihdCwf.yOvbBzt5T33X3dDzyjtP.4PZE9W8yqA442Bdng3kCtxS1tyTnFnPltmSM7fiGZ2EF7yy7gFADb2FOcPEsPTpkX86DXBCpbWUF4hEcHcLOu.v1401_Fp9L1boWGmqjh1fBfIxx61IHdfGMnklMps8NXpOikoMp2iBMGf01Ax0JdkX7IZR_1m19kiR42HiAO8.ReDg_Tulj5KZNleG9WIJpg1AL3Fujf5UHpLyGWiP4rxrCVbDWO_n0Q004ucqTIHU.G9jZub65PjNedIghthcyRE1d_mkhP62zFmQpiSO.u2pdufn28s6FZWoSfoxpq43_0GNugVLAmOls69s_WVB7uvWLY5jb2cJT.gcXSdyssVGpPXdTo7Vc0qau5vm9E56pUvV3l00mcOKRzcciIeQ.G1O6D0Uc9ESMVfYdXME33JCBwbYmyqY3GBRDMPiRb6fuGUfqmXig4Iq5re89PXfv4WUN0dnZgtAhALnhpa0DkU7qfQrjYg4APC3SUTRXqQLeRUbyPfORecR0dsT1CCptrAOxF58FVOIfFfhfPRMKZ2D7Q_Hj5oWl3CUziDpeJBehMZtupCf2tofEcay5dT0oNVxpecthtfy0X37EO_tkwjV9JLksj_0MZKfPo0vtY.aa.0IPWZh9.5SsdB2JBPIAi1agkMrRptns6rMvfI63xvu_l8Zsnv0Hzo2wjUdqA1BwEMXpb_QCFfacx2o5nzCe1WHxTUbwbl2x5t7nEU.Ix63Cyoz8FFeI7Inoi0KLXu7KEopGFQS4u5CeviSLeZX.cOU7yRJmB7dQn5wFqLy0ETBcCwwMTBsrT.HtZdtPYgwE0LfEsO3bmtenIfPe3Q.SXxHAqBl6FzZ4x2BsztU7hODuhWkRV2Cokrx0CBFK51_yCcU4nNdvldcZ.XKc.nbpvA2CeKqF6nrJ1MxehD3bvECnPhD7JsT1eI9xTzfcR9lbXhL.Ow9qpwD99PfMsKrFWVqGWJ8j52gDkm.kmO7FYoTskWEA1z9jIIfWK9UnVeLhCgwHYTmXHsxvCMyr5qStx1GF7v8Q.jKxlmLzOaQaR0TQfihOKjJ0qucNaKVVQOII9CTtTAMs95QBi7QyzLl9bTr_SwABtN3csImz3AjwGS8iBdnuSWk9BbMKPa_hwgJTlLMPIvAPEnkgSMFIk52jCMc4Ctp1aQ8XC9ETVTr15nQOSru75.iVxUxMq5_I8j1F4FXEZRYyP6mYxZMextCEYZ217u0VuxY8n39B74PWeUoT_DoJ0JRfK_IJneZbfPVlaHntnJhxTjoINfeyx6tU5ue9ZFJQdJNN5GozzdtElLngz7U.f1k810K1YTAXhMy53UirQlEyeqznGnyjSYhaert4NHwbwUCAF3ihQXIlOGf2Cd47CBVfGB_Pj8xkARRKPLzvzpatLGz8g3INHfFJdkcrVMUZchR5CilbNHU0KFEtIeoH3rZO3sscxSiSHO.OL.ViDEDDHGSYfErh9zCYJboaS3hpGJfsMzmm1pA_02hb1ZlSHZvRB4xePw80cr9px7O.jdvh327_9g3XIj8HxhCzD3VaUUzTKozSujDoF1ixIdP5Vju3a_x_YVCw6sl8OIi502ebg65JS_TjO4Re4xJVFThEx991xkMWfeL3MMd7Z.b1.RVUPvSLP.ApbtL3a.soancRsc__gKiieNRMa9fwxi_4JL4Ag8EEAUSCU1JdhTdn7ebUAc3oXvkrIP5fah6WyA6Eel0ZqzoYles4Eu1bT0E7DlVp1LzV1i9UyN_xDxh07gvkRVU0vRkHbvmZaUdE9AtDtu7dMGaZJ',};var a = document.createElement('script');a.src = '/cdn-cgi/challenge-platform/h/g/orchestrate/chl_page/v1?ray=9e13c305b8fe5cb5';window._cf_chl_opt.cOgUHash = location.hash === '' &amp;&amp; location.href.indexOf('#') !== -1 ? '#' : location.hash;window._cf_chl_opt.cOgUQuery = location.search === '' &amp;&amp; location.href.slice(0, location.href.length - window._cf_chl_opt.cOgUHash.length).indexOf('?') !== -1 ? '?' : location.search;if (window.history &amp;&amp; window.history.replaceState) {var ogU = location.pathname + window._cf_chl_opt.cOgUQuery + window._cf_chl_opt.cOgUHash;history.replaceState(null, null,"\/api\/login?__cf_chl_rt_tk=L3fgYL7_k23gev1LQ3wTbGmShgKqCCoiL3H0nuMp.q4-1774335238-1.0.1.1-lKGT1b0KSX.wI0IxUPdyymIuf.W4j9T9nFh0UuxGLgU"+ window._cf_chl_opt.cOgUHash);a.onload = function() {history.replaceState(null, null, ogU);}}document.getElementsByTagName('head')[0].appendChild(a);}());</script>
  </body>
</html>
API Login failed with status: 403
--- Checking API Is Alive ---
Request method:	GET
Request URI:	https://reqres.in/api/users
Proxy:			<none>
Request params:	<none>
Query params:	<none>
Form params:	<none>
Path params:	<none>
Headers:		Accept=*/*
				Content-Type=application/json
Cookies:		<none>
Multiparts:		<none>
Body:			<none>
HTTP/1.1 403 Forbidden
Date: Tue, 24 Mar 2026 06:53:58 GMT
Content-Type: text/html; charset=UTF-8
Transfer-Encoding: chunked
Connection: close
Accept-Ch: Sec-CH-UA-Bitness, Sec-CH-UA-Arch, Sec-CH-UA-Full-Version, Sec-CH-UA-Mobile, Sec-CH-UA-Model, Sec-CH-UA-Platform-Version, Sec-CH-UA-Full-Version-List, Sec-CH-UA-Platform, Sec-CH-UA, UA-Bitness, UA-Arch, UA-Full-Version, UA-Mobile, UA-Model, UA-Platform-Version, UA-Platform, UA
Cf-Mitigated: challenge
Critical-Ch: Sec-CH-UA-Bitness, Sec-CH-UA-Arch, Sec-CH-UA-Full-Version, Sec-CH-UA-Mobile, Sec-CH-UA-Model, Sec-CH-UA-Platform-Version, Sec-CH-UA-Full-Version-List, Sec-CH-UA-Platform, Sec-CH-UA, UA-Bitness, UA-Arch, UA-Full-Version, UA-Mobile, UA-Model, UA-Platform-Version, UA-Platform, UA
Cross-Origin-Embedder-Policy: require-corp
Cross-Origin-Opener-Policy: same-origin
Cross-Origin-Resource-Policy: same-origin
Origin-Agent-Cluster: ?1
Permissions-Policy: accelerometer=(),browsing-topics=(),camera=(),clipboard-read=(),clipboard-write=(),geolocation=(),gyroscope=(),hid=(),interest-cohort=(),magnetometer=(),microphone=(),payment=(),publickey-credentials-get=(),screen-wake-lock=(),serial=(),sync-xhr=(),usb=()
Referrer-Policy: same-origin
Server-Timing: chlray;desc="9e13c3069f80df69"
X-Content-Type-Options: nosniff
X-Frame-Options: SAMEORIGIN
Report-To: {"group":"cf-nel","max_age":604800,"endpoints":[{"url":"https://a.nel.cloudflare.com/report/v4?s=D9yj3Ld6GtVS4rSBel6A12Dh%2FAp8ukSV2e%2FG9XH0m3XwKeEIlPARwRYyrx28Cew8w3XTSqmT3d%2FU24W4WMGBe13O9Td0iw%2Bb"}]}
Nel: {"report_to":"cf-nel","success_fraction":0.0,"max_age":604800}
Content-Encoding: gzip
Server: cloudflare
CF-RAY: 9e13c3069f80df69-SIN

<html lang="en-US">
  <head>
    <title>Just a moment...</title>
    <meta http-equiv="Content-Type" content="text/html; charset=UTF-8"/>
    <meta http-equiv="X-UA-Compatible" content="IE=Edge"/>
    <meta name="robots" content="noindex,nofollow"/>
    <meta name="viewport" content="width=device-width,initial-scale=1"/>
    <style>*{box-sizing:border-box;margin:0;padding:0}html{line-height:1.15;-webkit-text-size-adjust:100%;color:#313131;font-family:system-ui,-apple-system,BlinkMacSystemFont,"Segoe UI",Roboto,"Helvetica Neue",Arial,"Noto Sans",sans-serif,"Apple Color Emoji","Segoe UI Emoji","Segoe UI Symbol","Noto Color Emoji"}body{display:flex;flex-direction:column;height:100vh;min-height:100vh}.main-content{margin:8rem auto;padding-left:1.5rem;max-width:60rem}@media (width &lt;= 720px){.main-content{margin-top:4rem}}#challenge-error-text{background-image:url("data:image/svg+xml;base64,PHN2ZyB4bWxucz0iaHR0cDovL3d3dy53My5vcmcvMjAwMC9zdmciIHdpZHRoPSIzMiIgaGVpZ2h0PSIzMiIgZmlsbD0ibm9uZSI+PHBhdGggZmlsbD0iI0IyMEYwMyIgZD0iTTE2IDNhMTMgMTMgMCAxIDAgMTMgMTNBMTMuMDE1IDEzLjAxNSAwIDAgMCAxNiAzbTAgMjRhMTEgMTEgMCAxIDEgMTEtMTEgMTEuMDEgMTEuMDEgMCAwIDEtMTEgMTEiLz48cGF0aCBmaWxsPSIjQjIwRjAzIiBkPSJNMTcuMDM4IDE4LjYxNUgxNC44N0wxNC41NjMgOS41aDIuNzgzem0tMS4wODQgMS40MjdxLjY2IDAgMS4wNTcuMzg4LjQwNy4zODkuNDA3Ljk5NCAwIC41OTYtLjQwNy45ODQtLjM5Ny4zOS0xLjA1Ny4zODktLjY1IDAtMS4wNTYtLjM4OS0uMzk4LS4zODktLjM5OC0uOTg0IDAtLjU5Ny4zOTgtLjk4NS40MDYtLjM5NyAxLjA1Ni0uMzk3Ii8+PC9zdmc+");background-repeat:no-repeat;background-size:contain;padding-left:34px}</style>
    <meta http-equiv="refresh" content="360"/>
  </head>
  <body>
    <div class="main-wrapper" role="main">
      <div class="main-content">
        <noscript>
          <div class="h2">
            <span id="challenge-error-text">Enable JavaScript and cookies to continue</span>
          </div>
        </noscript>
      </div>
    </div>
    <script>(function(){window._cf_chl_opt = {cvId: '3',cZone: 'reqres.in',cType: 'managed',cRay: '9e13c3069f80df69',cH: 'Uv9rv5kJS277qoRICA.rQe.HzuK5bcldmIEi422Verc-1774335238-1.2.1.1-TafOiD_6JSJFmY9fuzgFkR5T6BWd0uEpx5T1auzHFQZbWPpSp7y3erPQpK7Dj0C3',cUPMDTk:"/api/users?__cf_chl_tk=USxqLHAEiUvPRfJQ.xmSva40n9iqiFvnEU_BjLGl8nk-1774335238-1.0.1.1-7sFzvTMc23BbIzIVwXoQOC2d.EdbRWFltWqpmvq94Q4",cFPWv: 'g',cITimeS: '1774335238',cTplC:0,cTplO:0,cTplV:5,cTplB: '0',fa:"/api/users?__cf_chl_f_tk=USxqLHAEiUvPRfJQ.xmSva40n9iqiFvnEU_BjLGl8nk-1774335238-1.0.1.1-7sFzvTMc23BbIzIVwXoQOC2d.EdbRWFltWqpmvq94Q4",md: 'BYhNHWv.Bvlb7fRu.oRnoYq3Oa7gCN_iyVjxHr1R5So-1774335238-1.2.1.1-sO_WzBOHJ1B4r.0hOwoIbWmrAz3Uu8U4hwghthkpfwMqedmIW0tAxCuOVC9GWnGUXKUAssKDDONTn.02bsiwAr.LAmfwiQJuKs7sRl2ouaMJsodnznnqs1Oaml5SsKDY7RbBXCug_bjl5YVItLSerTlwTHW8CApNVEsNoAAnOfAdsLYty.7w2BGLtAwaYOvcAjK7PVTdbGFkT53nX1g1l.vG75bLeq7GCILd38_48jE1djhsL44YfFIOJvzVNIDunu73OFs8Zh6Ea3jAZV1fvrVi6kErkMqCoqmSkeMaF_8frvT_XlJ3ZwkFYIECErI3Nzy2O7kypyJfgIFcuRChV5xnGTdTsBvCQ730bxOwhr13zAPwaJokCs3At..5Z_oUXm7lIUrKW78wt9mcKx_JtGHwYJg4wAzord1z5mdqk8Gfu0fZSy.RiYjarof96gkaQ8sIxqGXuWX0jH5.yhCV9puf9svQDxsIohEQ_bwyetVIVOnOpHcrXJhCnH45BHHHqSvS1.uqp7qBWJTPTDL_zPCZQ5BZaVrjjo1AfT6dS_ig9UQ3MT_ZAzjcV0upvzjimdeHr6SYxrd0qEgobEYuRzgfS258Za5B1qEHmGAok6Lt7oiNR9IA9Pr4wfzfPoD6a0VDnL8PxiD7XU.5FhETNY1LM8kvoRUL0C94qPPWzyA3zj2YHq3tBDBm01EAyyQwLBOwUukHrUKt2gjPGOBsdtbgMccKbPMnoWLhciYivWBghfgl_M6W2Ps7iy_28WuEiLhEtvxyaqp2mlEnWePEMAvjhvLgiJNHGx386MS9lQ_wQrRI.el25CiGa5NVJ542XzdMwJV02ymb9oVGO13b2eZwL4Kr_PWSGidkznblRPmF_psXzp8F651AbRXfbTT4iKGXR4YC_MC9ejrcto_uEauQeoX0YSvVYlW9U1fJggk',mdrd: '3J0cBOHbjzcLTrHNB_PmTCEH0a3Vtqv3KdcB8NiC7N8-1774335238-1.2.1.1-hzpBhq6jfHynd_TruHZEaQQuEYzetUnaayC2f6Qh_rduNSXPTe1mT0EcTefwAmz3.B2lp45MjquErhe43GYdEXL1SFhgx0q_SSJy4SLiTi7GuDxjJjfuvfNYnmzLtvUwfY00AIcpKe5ozQe9ZDdxEDJua9jSlph1ndGhKH8JUnn1s8.j5w98gAgmGvBIrsGAYB_BJW4UCHF8stHJHypJa4rjCEofcx0.ln6w0vRda7fT8iTkAK.UnrM5X8P060ImohqBdZpwVsD3LDiweQ20_FnJmWdu8TK8Uuc1dxIDAhoGj0LBcr3ZxH.0K82aY9z9gXzH1ErqesOqmjZfj271DNjCz2pv1Mfs7.MFOewCCc8',};var a = document.createElement('script');a.src = '/cdn-cgi/challenge-platform/h/g/orchestrate/chl_page/v1?ray=9e13c3069f80df69';window._cf_chl_opt.cOgUHash = location.hash === '' &amp;&amp; location.href.indexOf('#') !== -1 ? '#' : location.hash;window._cf_chl_opt.cOgUQuery = location.search === '' &amp;&amp; location.href.slice(0, location.href.length - window._cf_chl_opt.cOgUHash.length).indexOf('?') !== -1 ? '?' : location.search;if (window.history &amp;&amp; window.history.replaceState) {var ogU = location.pathname + window._cf_chl_opt.cOgUQuery + window._cf_chl_opt.cOgUHash;history.replaceState(null, null,"/api/users?__cf_chl_rt_tk=USxqLHAEiUvPRfJQ.xmSva40n9iqiFvnEU_BjLGl8nk-1774335238-1.0.1.1-7sFzvTMc23BbIzIVwXoQOC2d.EdbRWFltWqpmvq94Q4"+ window._cf_chl_opt.cOgUHash);a.onload = function() {history.replaceState(null, null, ogU);}}document.getElementsByTagName('head')[0].appendChild(a);}());</script>
  </body>
</html>
]]></system-out>
  </testcase>
  <testcase name="testUiLoginWithApiPrecondition" classname="com.testing.assignment.tests.ApiUiIntegrationTests" time="0.0">
    <skipped message="Skipping UI test because API Login precondition failed."/>
    <system-out><![CDATA[--- Gọi API Login ---
Request method:	POST
Request URI:	https://reqres.in/api/login
Proxy:			<none>
Request params:	<none>
Query params:	<none>
Form params:	<none>
Path params:	<none>
Headers:		Accept=*/*
				Content-Type=application/json
Cookies:		<none>
Multiparts:		<none>
Body:
{
    "password": "cityslicka",
    "email": "eve.holt@reqres.in"
}
HTTP/1.1 403 Forbidden
Date: Tue, 24 Mar 2026 06:53:58 GMT
Content-Type: text/html; charset=UTF-8
Transfer-Encoding: chunked
Connection: close
Accept-Ch: Sec-CH-UA-Bitness, Sec-CH-UA-Arch, Sec-CH-UA-Full-Version, Sec-CH-UA-Mobile, Sec-CH-UA-Model, Sec-CH-UA-Platform-Version, Sec-CH-UA-Full-Version-List, Sec-CH-UA-Platform, Sec-CH-UA, UA-Bitness, UA-Arch, UA-Full-Version, UA-Mobile, UA-Model, UA-Platform-Version, UA-Platform, UA
Cf-Mitigated: challenge
Critical-Ch: Sec-CH-UA-Bitness, Sec-CH-UA-Arch, Sec-CH-UA-Full-Version, Sec-CH-UA-Mobile, Sec-CH-UA-Model, Sec-CH-UA-Platform-Version, Sec-CH-UA-Full-Version-List, Sec-CH-UA-Platform, Sec-CH-UA, UA-Bitness, UA-Arch, UA-Full-Version, UA-Mobile, UA-Model, UA-Platform-Version, UA-Platform, UA
Cross-Origin-Embedder-Policy: require-corp
Cross-Origin-Opener-Policy: same-origin
Cross-Origin-Resource-Policy: same-origin
Origin-Agent-Cluster: ?1
Permissions-Policy: accelerometer=(),browsing-topics=(),camera=(),clipboard-read=(),clipboard-write=(),geolocation=(),gyroscope=(),hid=(),interest-cohort=(),magnetometer=(),microphone=(),payment=(),publickey-credentials-get=(),screen-wake-lock=(),serial=(),sync-xhr=(),usb=()
Referrer-Policy: same-origin
Server-Timing: chlray;desc="9e13c3074b97938e"
X-Content-Type-Options: nosniff
X-Frame-Options: SAMEORIGIN
Report-To: {"group":"cf-nel","max_age":604800,"endpoints":[{"url":"https://a.nel.cloudflare.com/report/v4?s=Jt2z31SKlWnwLY1ZvETbXP4znqsuZqOEKjl9yNkv7oRqLrb5BSN5xyt61ZejtDA6Gv%2FDAziYxTC4HkoYNrIvZbJKhvjkstQT"}]}
Nel: {"report_to":"cf-nel","success_fraction":0.0,"max_age":604800}
Content-Encoding: gzip
Server: cloudflare
CF-RAY: 9e13c3074b97938e-SIN

<html lang="en-US">
  <head>
    <title>Just a moment...</title>
    <meta http-equiv="Content-Type" content="text/html; charset=UTF-8"/>
    <meta http-equiv="X-UA-Compatible" content="IE=Edge"/>
    <meta name="robots" content="noindex,nofollow"/>
    <meta name="viewport" content="width=device-width,initial-scale=1"/>
    <style>*{box-sizing:border-box;margin:0;padding:0}html{line-height:1.15;-webkit-text-size-adjust:100%;color:#313131;font-family:system-ui,-apple-system,BlinkMacSystemFont,"Segoe UI",Roboto,"Helvetica Neue",Arial,"Noto Sans",sans-serif,"Apple Color Emoji","Segoe UI Emoji","Segoe UI Symbol","Noto Color Emoji"}body{display:flex;flex-direction:column;height:100vh;min-height:100vh}.main-content{margin:8rem auto;padding-left:1.5rem;max-width:60rem}@media (width &lt;= 720px){.main-content{margin-top:4rem}}#challenge-error-text{background-image:url("data:image/svg+xml;base64,PHN2ZyB4bWxucz0iaHR0cDovL3d3dy53My5vcmcvMjAwMC9zdmciIHdpZHRoPSIzMiIgaGVpZ2h0PSIzMiIgZmlsbD0ibm9uZSI+PHBhdGggZmlsbD0iI0IyMEYwMyIgZD0iTTE2IDNhMTMgMTMgMCAxIDAgMTMgMTNBMTMuMDE1IDEzLjAxNSAwIDAgMCAxNiAzbTAgMjRhMTEgMTEgMCAxIDEgMTEtMTEgMTEuMDEgMTEuMDEgMCAwIDEtMTEgMTEiLz48cGF0aCBmaWxsPSIjQjIwRjAzIiBkPSJNMTcuMDM4IDE4LjYxNUgxNC44N0wxNC41NjMgOS41aDIuNzgzem0tMS4wODQgMS40MjdxLjY2IDAgMS4wNTcuMzg4LjQwNy4zODkuNDA3Ljk5NCAwIC41OTYtLjQwNy45ODQtLjM5Ny4zOS0xLjA1Ny4zODktLjY1IDAtMS4wNTYtLjM4OS0uMzk4LS4zODktLjM5OC0uOTg0IDAtLjU5Ny4zOTgtLjk4NS40MDYtLjM5NyAxLjA1Ni0uMzk3Ii8+PC9zdmc+");background-repeat:no-repeat;background-size:contain;padding-left:34px}</style>
    <meta http-equiv="refresh" content="360"/>
  </head>
  <body>
    <div class="main-wrapper" role="main">
      <div class="main-content">
        <noscript>
          <div class="h2">
            <span id="challenge-error-text">Enable JavaScript and cookies to continue</span>
          </div>
        </noscript>
      </div>
    </div>
    <script>(function(){window._cf_chl_opt = {cvId: '3',cZone: 'reqres.in',cType: 'managed',cRay: '9e13c3074b97938e',cH: 'CRhNXCB8hhIW8vqodvHP5EDSIonSjWNhDYn3KrNuFII-1774335238-1.2.1.1-oCFqoCnei4dza2_thtE4aSSTUBpH6oqcEGIYXPj.4_AGpz0wncXlbpo_anel1UxU',cUPMDTk:"/api/login?__cf_chl_tk=4JZJYuLvNQtol3zYNWVLL7tr9OJOYMcWEG53ml.LfSg-1774335238-1.0.1.1-Grbjc4L0mxjfjh9aCaPkYNvc1tUxBJ4fi7vmYKnwJXQ",cFPWv: 'g',cITimeS: '1774335238',cTplC:0,cTplO:0,cTplV:5,cTplB: '0',fa:"/api/login?__cf_chl_f_tk=4JZJYuLvNQtol3zYNWVLL7tr9OJOYMcWEG53ml.LfSg-1774335238-1.0.1.1-Grbjc4L0mxjfjh9aCaPkYNvc1tUxBJ4fi7vmYKnwJXQ",md: 'ykWHR6bqTkJg8Dg.tmHUsDzP5_H8RmGq3Lp9AXVZzuo-1774335238-1.2.1.1-lJctkgEjk6bFLQUn0TZqvUJAB.mJICSWa3i0rKAu.cDj_tGMW6DBaYl6FNHi7V8UZape4oSN.KVrbFw7_XZIS.snh6duDAuxDctOeXFfIvKCUuCwpnQDJSdtT8nN5XG4fQwjZcEjT63u8ahYH3aX3YVox4s1IPq6k.kBIVgPaQewp1.0U1BQhHsTn3irMGgyV8vNg2u6kLt6UnXdUw3_ky99lV.OJ8ACKaRvujbJdEL0JU1w4VjrnTAOCaDzQ3Ief2M1HAfbQpIjQT9hxdWhIIdlqRrjXvcew_nQZYS9.ntxaQZU_gpXyueryg2Gss.YNz12.VyIfuYKpOehPE1YrtI6XpQmEgxj0B0iRjtVnA5UeR9QRdCzUqw9d.lUtfzbz2W9gVl4R0tvIKTtwjwfaJKH9QPRt7i7XRqgS9pUhXD7sshgQP38MJiBVFSm_UwCmwoVgnEnlbIld5_fdFWGt.FQfec92k.Wmzp1GEK8E9pZqqFQi5bI5eqTAxJty_scAmp532vts7vFCkD3qw2kyf4jeWY6Bqz5fGp7dhf5tNxRBNXXNdeAVwzmNlf9q6CAF4u4DsCosqN1wpXUZsROkJHDhdh0YoNUJsf8Zx9MANcSSBpUZY_1ZxE2E_1lnLYugLS49fezcPBt9EkRdD2HTeioFOM696lW_AzFC70Y5qiph2DHzyKx5Z6Gb6.hbE6w9l_7goqiKFqhAxQJLFRIoTuV_8L61XHN32TE4PqGXtePfXOnQRZ2W9UazXD6Nvk2.Y05VRgiAYWLVZwFZy21XUVJ_rK049FzlYRvSopDvhOR2YGeh4EluXjPAz2DT0GSIn3n8y_cFdk3kTEKOBkbkAHWC9G0X6t1Tuvx0zAyA0avY0OqicV3.7mM2gyyaWGhs_6kyabA5JFKZ1rXy4qbdwQ4WYWLLpjoGLim9BoVIW0',mdrd: 'NFTgPBldoZeLx9DyrgibjuAWfiSc29.T8P5gV5g5z8E-1774335238-1.2.1.1-sIUuoGQTC4v3WQF7UtGcs.4uHfXfDbepduaaV6VFP7hHVosSFqv.E464WNFEhKjFc5TDAoEjUiKtuz8TS5juI6R3tgq_UX.EB.SaY7aXdfDmS79gq1MU0y92kM_.tmP7hgfnsl9Nv9BNmvDn7Z63E6khRaq4wRhsBRCO_2BYM9ZXeUlklPU1nA2lEgQIkl7OfATdBRdSdEoGgiHRTQkn7Z2zf_7IamTYtuSPfq3KtMzdbobql8jT2E5Z9Fj_9vOPWDuAvJ4qqZtwQsykh2KBrUdY0qQl3kSE.MfRIgUQb0EN1vUtr3zZ89h4xTvTUo25VVDHULHtmMa5Yl09Q6bdcyj7OL3td1HSskcVhRJNaZ3NlO6PcpjddiRU5LsGiOU5ZKoTTWz7tgTb4cAaKQ12QvQnlAabZnMW2jVbvOuvMSXlVrqFWmDGDGfOg83ELj0S',};var a = document.createElement('script');a.src = '/cdn-cgi/challenge-platform/h/g/orchestrate/chl_page/v1?ray=9e13c3074b97938e';window._cf_chl_opt.cOgUHash = location.hash === '' &amp;&amp; location.href.indexOf('#') !== -1 ? '#' : location.hash;window._cf_chl_opt.cOgUQuery = location.search === '' &amp;&amp; location.href.slice(0, location.href.length - window._cf_chl_opt.cOgUHash.length).indexOf('?') !== -1 ? '?' : location.search;if (window.history &amp;&amp; window.history.replaceState) {var ogU = location.pathname + window._cf_chl_opt.cOgUQuery + window._cf_chl_opt.cOgUHash;history.replaceState(null, null,"/api/login?__cf_chl_rt_tk=4JZJYuLvNQtol3zYNWVLL7tr9OJOYMcWEG53ml.LfSg-1774335238-1.0.1.1-Grbjc4L0mxjfjh9aCaPkYNvc1tUxBJ4fi7vmYKnwJXQ"+ window._cf_chl_opt.cOgUHash);a.onload = function() {history.replaceState(null, null, ogU);}}document.getElementsByTagName('head')[0].appendChild(a);}());</script>
  </body>
</html>
API Login failed with status: 403
]]></system-out>
  </testcase>
</testsuite>